{"/Users/jlmx/projects/apptrack/app/layout.tsx": {"path":"/Users/jlmx/projects/apptrack/app/layout.tsx","statementMap":{"0":{"start":{"line":20,"column":24},"end":{"line":20,"column":35}},"1":{"start":{"line":14,"column":13},"end":{"line":14,"column":21}},"2":{"start":{"line":3,"column":22},"end":{"line":3,"column":null}},"3":{"start":{"line":4,"column":7},"end":{"line":4,"column":null}},"4":{"start":{"line":5,"column":30},"end":{"line":5,"column":null}},"5":{"start":{"line":6,"column":26},"end":{"line":6,"column":null}},"6":{"start":{"line":7,"column":30},"end":{"line":7,"column":null}},"7":{"start":{"line":8,"column":25},"end":{"line":8,"column":null}},"8":{"start":{"line":9,"column":28},"end":{"line":9,"column":null}},"9":{"start":{"line":10,"column":31},"end":{"line":10,"column":null}},"10":{"start":{"line":12,"column":14},"end":{"line":12,"column":null}},"11":{"start":{"line":14,"column":34},"end":{"line":18,"column":null}}},"fnMap":{"0":{"name":"RootLayout","decl":{"start":{"line":20,"column":24},"end":{"line":20,"column":35}},"loc":{"start":{"line":24,"column":1},"end":{"line":50,"column":1}}}},"branchMap":{},"s":{"0":0,"1":0,"2":0,"3":0,"4":0,"5":0,"6":0,"7":0,"8":0,"9":0,"10":0,"11":0},"f":{"0":0},"b":{}}
,"/Users/jlmx/projects/apptrack/app/not-found.tsx": {"path":"/Users/jlmx/projects/apptrack/app/not-found.tsx","statementMap":{"0":{"start":{"line":4,"column":24},"end":{"line":4,"column":null}},"1":{"start":{"line":1,"column":17},"end":{"line":1,"column":null}},"2":{"start":{"line":2,"column":23},"end":{"line":2,"column":null}}},"fnMap":{"0":{"name":"NotFound","decl":{"start":{"line":4,"column":24},"end":{"line":4,"column":null}},"loc":{"start":{"line":4,"column":24},"end":{"line":24,"column":null}}}},"branchMap":{},"s":{"0":0,"1":0,"2":0},"f":{"0":0},"b":{}}
,"/Users/jlmx/projects/apptrack/app/page.tsx": {"path":"/Users/jlmx/projects/apptrack/app/page.tsx","statementMap":{"0":{"start":{"line":30,"column":30},"end":{"line":30,"column":null}},"1":{"start":{"line":1,"column":17},"end":{"line":1,"column":null}},"2":{"start":{"line":2,"column":23},"end":{"line":2,"column":null}},"3":{"start":{"line":3,"column":33},"end":{"line":3,"column":null}},"4":{"start":{"line":4,"column":35},"end":{"line":4,"column":null}},"5":{"start":{"line":5,"column":26},"end":{"line":5,"column":null}},"6":{"start":{"line":6,"column":21},"end":{"line":6,"column":null}},"7":{"start":{"line":7,"column":28},"end":{"line":7,"column":null}},"8":{"start":{"line":8,"column":29},"end":{"line":8,"column":null}},"9":{"start":{"line":11,"column":2},"end":{"line":27,"column":null}},"10":{"start":{"line":12,"column":21},"end":{"line":12,"column":null}},"11":{"start":{"line":13,"column":35},"end":{"line":16,"column":null}},"12":{"start":{"line":18,"column":4},"end":{"line":21,"column":null}},"13":{"start":{"line":19,"column":6},"end":{"line":19,"column":null}},"14":{"start":{"line":20,"column":6},"end":{"line":20,"column":null}},"15":{"start":{"line":23,"column":4},"end":{"line":23,"column":null}},"16":{"start":{"line":25,"column":4},"end":{"line":25,"column":null}},"17":{"start":{"line":26,"column":4},"end":{"line":26,"column":null}},"18":{"start":{"line":31,"column":16},"end":{"line":31,"column":null}},"19":{"start":{"line":32,"column":19},"end":{"line":32,"column":null}},"20":{"start":{"line":68,"column":36},"end":{"line":68,"column":null}},"21":{"start":{"line":70,"column":16},"end":{"line":71,"column":43}}},"fnMap":{"0":{"name":"getPlans","decl":{"start":{"line":10,"column":15},"end":{"line":10,"column":null}},"loc":{"start":{"line":10,"column":15},"end":{"line":28,"column":null}}},"1":{"name":"HomePage","decl":{"start":{"line":30,"column":30},"end":{"line":30,"column":null}},"loc":{"start":{"line":30,"column":30},"end":{"line":90,"column":null}}},"2":{"name":"(anonymous_4)","decl":{"start":{"line":67,"column":28},"end":{"line":67,"column":29}},"loc":{"start":{"line":67,"column":38},"end":{"line":81,"column":null}}}},"branchMap":{"0":{"loc":{"start":{"line":18,"column":4},"end":{"line":21,"column":null}},"type":"if","locations":[{"start":{"line":18,"column":4},"end":{"line":21,"column":null}},{"start":{},"end":{}}]},"1":{"loc":{"start":{"line":23,"column":11},"end":{"line":23,"column":22}},"type":"binary-expr","locations":[{"start":{"line":23,"column":11},"end":{"line":23,"column":20}},{"start":{"line":23,"column":20},"end":{"line":23,"column":22}}]},"2":{"loc":{"start":{"line":73,"column":54},"end":{"line":73,"column":142}},"type":"cond-expr","locations":[{"start":{"line":73,"column":68},"end":{"line":73,"column":108}},{"start":{"line":73,"column":108},"end":{"line":73,"column":142}}]},"3":{"loc":{"start":{"line":75,"column":67},"end":{"line":75,"column":116}},"type":"cond-expr","locations":[{"start":{"line":75,"column":81},"end":{"line":75,"column":100}},{"start":{"line":75,"column":100},"end":{"line":75,"column":116}}]}},"s":{"0":0,"1":0,"2":0,"3":0,"4":0,"5":0,"6":0,"7":0,"8":0,"9":0,"10":0,"11":0,"12":0,"13":0,"14":0,"15":0,"16":0,"17":0,"18":0,"19":0,"20":0,"21":0},"f":{"0":0,"1":0,"2":0},"b":{"0":[0,0],"1":[0,0],"2":[0,0],"3":[0,0]}}
,"/Users/jlmx/projects/apptrack/app/api/ai-coach/analyze-job-fit/route.ts": {"path":"/Users/jlmx/projects/apptrack/app/api/ai-coach/analyze-job-fit/route.ts","statementMap":{"0":{"start":{"line":13,"column":22},"end":{"line":13,"column":27}},"1":{"start":{"line":1,"column":47},"end":{"line":1,"column":null}},"2":{"start":{"line":2,"column":29},"end":{"line":2,"column":null}},"3":{"start":{"line":3,"column":37},"end":{"line":3,"column":null}},"4":{"start":{"line":4,"column":31},"end":{"line":4,"column":null}},"5":{"start":{"line":5,"column":26},"end":{"line":5,"column":null}},"6":{"start":{"line":6,"column":31},"end":{"line":6,"column":null}},"7":{"start":{"line":8,"column":39},"end":{"line":8,"column":null}},"8":{"start":{"line":9,"column":22},"end":{"line":9,"column":null}},"9":{"start":{"line":10,"column":73},"end":{"line":10,"column":null}},"10":{"start":{"line":11,"column":31},"end":{"line":11,"column":null}},"11":{"start":{"line":14,"column":2},"end":{"line":290,"column":null}},"12":{"start":{"line":15,"column":21},"end":{"line":15,"column":null}},"13":{"start":{"line":20,"column":8},"end":{"line":20,"column":null}},"14":{"start":{"line":22,"column":4},"end":{"line":27,"column":null}},"15":{"start":{"line":23,"column":6},"end":{"line":25,"column":null}},"16":{"start":{"line":30,"column":28},"end":{"line":30,"column":null}},"17":{"start":{"line":31,"column":29},"end":{"line":31,"column":null}},"18":{"start":{"line":33,"column":4},"end":{"line":49,"column":null}},"19":{"start":{"line":34,"column":6},"end":{"line":47,"column":null}},"20":{"start":{"line":51,"column":4},"end":{"line":59,"column":null}},"21":{"start":{"line":52,"column":6},"end":{"line":57,"column":null}},"22":{"start":{"line":62,"column":29},"end":{"line":64,"column":null}},"23":{"start":{"line":67,"column":4},"end":{"line":74,"column":null}},"24":{"start":{"line":68,"column":6},"end":{"line":72,"column":null}},"25":{"start":{"line":82,"column":8},"end":{"line":82,"column":null}},"26":{"start":{"line":85,"column":4},"end":{"line":99,"column":null}},"27":{"start":{"line":86,"column":28},"end":{"line":86,"column":30}},"28":{"start":{"line":87,"column":6},"end":{"line":87,"column":null}},"29":{"start":{"line":87,"column":27},"end":{"line":87,"column":null}},"30":{"start":{"line":88,"column":6},"end":{"line":88,"column":null}},"31":{"start":{"line":88,"column":20},"end":{"line":88,"column":null}},"32":{"start":{"line":89,"column":6},"end":{"line":89,"column":null}},"33":{"start":{"line":89,"column":17},"end":{"line":89,"column":null}},"34":{"start":{"line":90,"column":6},"end":{"line":90,"column":null}},"35":{"start":{"line":90,"column":26},"end":{"line":90,"column":null}},"36":{"start":{"line":92,"column":6},"end":{"line":97,"column":null}},"37":{"start":{"line":102,"column":4},"end":{"line":110,"column":null}},"38":{"start":{"line":103,"column":6},"end":{"line":108,"column":null}},"39":{"start":{"line":113,"column":24},"end":{"line":113,"column":null}},"40":{"start":{"line":116,"column":4},"end":{"line":124,"column":null}},"41":{"start":{"line":117,"column":6},"end":{"line":122,"column":null}},"42":{"start":{"line":126,"column":4},"end":{"line":134,"column":null}},"43":{"start":{"line":127,"column":6},"end":{"line":132,"column":null}},"44":{"start":{"line":137,"column":33},"end":{"line":146,"column":null}},"45":{"start":{"line":149,"column":4},"end":{"line":157,"column":null}},"46":{"start":{"line":150,"column":6},"end":{"line":155,"column":null}},"47":{"start":{"line":160,"column":22},"end":{"line":160,"column":null}},"48":{"start":{"line":163,"column":4},"end":{"line":177,"column":null}},"49":{"start":{"line":164,"column":6},"end":{"line":164,"column":null}},"50":{"start":{"line":166,"column":6},"end":{"line":168,"column":null}},"51":{"start":{"line":167,"column":8},"end":{"line":167,"column":null}},"52":{"start":{"line":170,"column":6},"end":{"line":175,"column":null}},"53":{"start":{"line":179,"column":4},"end":{"line":192,"column":null}},"54":{"start":{"line":180,"column":6},"end":{"line":190,"column":null}},"55":{"start":{"line":195,"column":29},"end":{"line":199,"column":null}},"56":{"start":{"line":204,"column":24},"end":{"line":204,"column":49}},"57":{"start":{"line":206,"column":4},"end":{"line":229,"column":null}},"58":{"start":{"line":210,"column":6},"end":{"line":214,"column":null}},"59":{"start":{"line":211,"column":8},"end":{"line":211,"column":null}},"60":{"start":{"line":212,"column":13},"end":{"line":214,"column":null}},"61":{"start":{"line":213,"column":8},"end":{"line":213,"column":null}},"62":{"start":{"line":216,"column":6},"end":{"line":216,"column":null}},"63":{"start":{"line":218,"column":6},"end":{"line":218,"column":null}},"64":{"start":{"line":220,"column":6},"end":{"line":220,"column":null}},"65":{"start":{"line":222,"column":6},"end":{"line":227,"column":null}},"66":{"start":{"line":232,"column":4},"end":{"line":241,"column":null}},"67":{"start":{"line":234,"column":6},"end":{"line":239,"column":null}},"68":{"start":{"line":244,"column":4},"end":{"line":246,"column":null}},"69":{"start":{"line":245,"column":6},"end":{"line":245,"column":null}},"70":{"start":{"line":249,"column":4},"end":{"line":255,"column":null}},"71":{"start":{"line":250,"column":6},"end":{"line":254,"column":null}},"72":{"start":{"line":258,"column":27},"end":{"line":258,"column":null}},"73":{"start":{"line":260,"column":4},"end":{"line":278,"column":null}},"74":{"start":{"line":261,"column":6},"end":{"line":266,"column":null}},"75":{"start":{"line":269,"column":6},"end":{"line":269,"column":null}},"76":{"start":{"line":271,"column":6},"end":{"line":276,"column":null}},"77":{"start":{"line":280,"column":4},"end":{"line":280,"column":null}},"78":{"start":{"line":282,"column":4},"end":{"line":282,"column":null}},"79":{"start":{"line":283,"column":4},"end":{"line":288,"column":null}}},"fnMap":{"0":{"name":"POST","decl":{"start":{"line":13,"column":22},"end":{"line":13,"column":27}},"loc":{"start":{"line":13,"column":47},"end":{"line":291,"column":null}}}},"branchMap":{"0":{"loc":{"start":{"line":22,"column":4},"end":{"line":27,"column":null}},"type":"if","locations":[{"start":{"line":22,"column":4},"end":{"line":27,"column":null}},{"start":{},"end":{}}]},"1":{"loc":{"start":{"line":33,"column":4},"end":{"line":49,"column":null}},"type":"if","locations":[{"start":{"line":33,"column":4},"end":{"line":49,"column":null}},{"start":{},"end":{}}]},"2":{"loc":{"start":{"line":51,"column":4},"end":{"line":59,"column":null}},"type":"if","locations":[{"start":{"line":51,"column":4},"end":{"line":59,"column":null}},{"start":{},"end":{}}]},"3":{"loc":{"start":{"line":67,"column":4},"end":{"line":74,"column":null}},"type":"if","locations":[{"start":{"line":67,"column":4},"end":{"line":74,"column":null}},{"start":{},"end":{}}]},"4":{"loc":{"start":{"line":70,"column":17},"end":{"line":70,"column":77}},"type":"binary-expr","locations":[{"start":{"line":70,"column":17},"end":{"line":70,"column":41}},{"start":{"line":70,"column":45},"end":{"line":70,"column":77}}]},"5":{"loc":{"start":{"line":85,"column":4},"end":{"line":99,"column":null}},"type":"if","locations":[{"start":{"line":85,"column":4},"end":{"line":99,"column":null}},{"start":{},"end":{}}]},"6":{"loc":{"start":{"line":85,"column":8},"end":{"line":85,"column":64}},"type":"binary-expr","locations":[{"start":{"line":85,"column":8},"end":{"line":85,"column":27}},{"start":{"line":85,"column":27},"end":{"line":85,"column":39}},{"start":{"line":85,"column":39},"end":{"line":85,"column":48}},{"start":{"line":85,"column":48},"end":{"line":85,"column":64}}]},"7":{"loc":{"start":{"line":87,"column":6},"end":{"line":87,"column":null}},"type":"if","locations":[{"start":{"line":87,"column":6},"end":{"line":87,"column":null}},{"start":{},"end":{}}]},"8":{"loc":{"start":{"line":88,"column":6},"end":{"line":88,"column":null}},"type":"if","locations":[{"start":{"line":88,"column":6},"end":{"line":88,"column":null}},{"start":{},"end":{}}]},"9":{"loc":{"start":{"line":89,"column":6},"end":{"line":89,"column":null}},"type":"if","locations":[{"start":{"line":89,"column":6},"end":{"line":89,"column":null}},{"start":{},"end":{}}]},"10":{"loc":{"start":{"line":90,"column":6},"end":{"line":90,"column":null}},"type":"if","locations":[{"start":{"line":90,"column":6},"end":{"line":90,"column":null}},{"start":{},"end":{}}]},"11":{"loc":{"start":{"line":102,"column":4},"end":{"line":110,"column":null}},"type":"if","locations":[{"start":{"line":102,"column":4},"end":{"line":110,"column":null}},{"start":{},"end":{}}]},"12":{"loc":{"start":{"line":116,"column":4},"end":{"line":124,"column":null}},"type":"if","locations":[{"start":{"line":116,"column":4},"end":{"line":124,"column":null}},{"start":{},"end":{}}]},"13":{"loc":{"start":{"line":126,"column":4},"end":{"line":134,"column":null}},"type":"if","locations":[{"start":{"line":126,"column":4},"end":{"line":134,"column":null}},{"start":{},"end":{}}]},"14":{"loc":{"start":{"line":149,"column":4},"end":{"line":157,"column":null}},"type":"if","locations":[{"start":{"line":149,"column":4},"end":{"line":157,"column":null}},{"start":{},"end":{}}]},"15":{"loc":{"start":{"line":166,"column":6},"end":{"line":168,"column":null}},"type":"if","locations":[{"start":{"line":166,"column":6},"end":{"line":168,"column":null}},{"start":{},"end":{}}]},"16":{"loc":{"start":{"line":167,"column":42},"end":{"line":167,"column":null}},"type":"cond-expr","locations":[{"start":{"line":167,"column":67},"end":{"line":167,"column":80}},{"start":{"line":167,"column":83},"end":{"line":167,"column":null}}]},"17":{"loc":{"start":{"line":179,"column":4},"end":{"line":192,"column":null}},"type":"if","locations":[{"start":{"line":179,"column":4},"end":{"line":192,"column":null}},{"start":{},"end":{}}]},"18":{"loc":{"start":{"line":179,"column":8},"end":{"line":179,"column":41}},"type":"binary-expr","locations":[{"start":{"line":179,"column":8},"end":{"line":179,"column":19}},{"start":{"line":179,"column":19},"end":{"line":179,"column":41}}]},"19":{"loc":{"start":{"line":210,"column":6},"end":{"line":214,"column":null}},"type":"if","locations":[{"start":{"line":210,"column":6},"end":{"line":214,"column":null}},{"start":{"line":212,"column":13},"end":{"line":214,"column":null}}]},"20":{"loc":{"start":{"line":212,"column":13},"end":{"line":214,"column":null}},"type":"if","locations":[{"start":{"line":212,"column":13},"end":{"line":214,"column":null}},{"start":{},"end":{}}]},"21":{"loc":{"start":{"line":220,"column":61},"end":{"line":220,"column":null}},"type":"cond-expr","locations":[{"start":{"line":220,"column":91},"end":{"line":220,"column":109}},{"start":{"line":220,"column":112},"end":{"line":220,"column":null}}]},"22":{"loc":{"start":{"line":232,"column":4},"end":{"line":241,"column":null}},"type":"if","locations":[{"start":{"line":232,"column":4},"end":{"line":241,"column":null}},{"start":{},"end":{}}]},"23":{"loc":{"start":{"line":232,"column":8},"end":{"line":232,"column":93}},"type":"binary-expr","locations":[{"start":{"line":232,"column":8},"end":{"line":232,"column":30}},{"start":{"line":232,"column":34},"end":{"line":232,"column":53}},{"start":{"line":232,"column":57},"end":{"line":232,"column":93}}]},"24":{"loc":{"start":{"line":244,"column":4},"end":{"line":246,"column":null}},"type":"if","locations":[{"start":{"line":244,"column":4},"end":{"line":246,"column":null}},{"start":{},"end":{}}]},"25":{"loc":{"start":{"line":249,"column":4},"end":{"line":255,"column":null}},"type":"if","locations":[{"start":{"line":249,"column":4},"end":{"line":255,"column":null}},{"start":{},"end":{}}]},"26":{"loc":{"start":{"line":269,"column":48},"end":{"line":269,"column":null}},"type":"cond-expr","locations":[{"start":{"line":269,"column":77},"end":{"line":269,"column":94}},{"start":{"line":269,"column":97},"end":{"line":269,"column":null}}]},"27":{"loc":{"start":{"line":282,"column":45},"end":{"line":282,"column":null}},"type":"cond-expr","locations":[{"start":{"line":282,"column":70},"end":{"line":282,"column":83}},{"start":{"line":282,"column":86},"end":{"line":282,"column":null}}]}},"s":{"0":0,"1":0,"2":0,"3":0,"4":0,"5":0,"6":0,"7":0,"8":0,"9":0,"10":0,"11":0,"12":0,"13":0,"14":0,"15":0,"16":0,"17":0,"18":0,"19":0,"20":0,"21":0,"22":0,"23":0,"24":0,"25":0,"26":0,"27":0,"28":0,"29":0,"30":0,"31":0,"32":0,"33":0,"34":0,"35":0,"36":0,"37":0,"38":0,"39":0,"40":0,"41":0,"42":0,"43":0,"44":0,"45":0,"46":0,"47":0,"48":0,"49":0,"50":0,"51":0,"52":0,"53":0,"54":0,"55":0,"56":0,"57":0,"58":0,"59":0,"60":0,"61":0,"62":0,"63":0,"64":0,"65":0,"66":0,"67":0,"68":0,"69":0,"70":0,"71":0,"72":0,"73":0,"74":0,"75":0,"76":0,"77":0,"78":0,"79":0},"f":{"0":0},"b":{"0":[0,0],"1":[0,0],"2":[0,0],"3":[0,0],"4":[0,0],"5":[0,0],"6":[0,0,0,0],"7":[0,0],"8":[0,0],"9":[0,0],"10":[0,0],"11":[0,0],"12":[0,0],"13":[0,0],"14":[0,0],"15":[0,0],"16":[0,0],"17":[0,0],"18":[0,0],"19":[0,0],"20":[0,0],"21":[0,0],"22":[0,0],"23":[0,0,0],"24":[0,0],"25":[0,0],"26":[0,0],"27":[0,0]}}
,"/Users/jlmx/projects/apptrack/app/api/ai-coach/analyze-resume/route.ts": {"path":"/Users/jlmx/projects/apptrack/app/api/ai-coach/analyze-resume/route.ts","statementMap":{"0":{"start":{"line":9,"column":22},"end":{"line":9,"column":27}},"1":{"start":{"line":1,"column":47},"end":{"line":1,"column":null}},"2":{"start":{"line":2,"column":29},"end":{"line":2,"column":null}},"3":{"start":{"line":3,"column":30},"end":{"line":3,"column":null}},"4":{"start":{"line":4,"column":37},"end":{"line":4,"column":null}},"5":{"start":{"line":5,"column":31},"end":{"line":5,"column":null}},"6":{"start":{"line":6,"column":31},"end":{"line":6,"column":null}},"7":{"start":{"line":7,"column":26},"end":{"line":7,"column":null}},"8":{"start":{"line":10,"column":2},"end":{"line":94,"column":null}},"9":{"start":{"line":11,"column":21},"end":{"line":11,"column":null}},"10":{"start":{"line":16,"column":8},"end":{"line":16,"column":null}},"11":{"start":{"line":18,"column":4},"end":{"line":23,"column":null}},"12":{"start":{"line":19,"column":6},"end":{"line":21,"column":null}},"13":{"start":{"line":26,"column":29},"end":{"line":28,"column":null}},"14":{"start":{"line":31,"column":4},"end":{"line":36,"column":null}},"15":{"start":{"line":32,"column":6},"end":{"line":34,"column":null}},"16":{"start":{"line":39,"column":6},"end":{"line":39,"column":null}},"17":{"start":{"line":41,"column":26},"end":{"line":41,"column":null}},"18":{"start":{"line":42,"column":28},"end":{"line":42,"column":null}},"19":{"start":{"line":43,"column":4},"end":{"line":51,"column":null}},"20":{"start":{"line":45,"column":24},"end":{"line":45,"column":null}},"21":{"start":{"line":46,"column":28},"end":{"line":46,"column":null}},"22":{"start":{"line":47,"column":6},"end":{"line":50,"column":null}},"23":{"start":{"line":48,"column":8},"end":{"line":48,"column":null}},"24":{"start":{"line":49,"column":8},"end":{"line":49,"column":null}},"25":{"start":{"line":52,"column":4},"end":{"line":57,"column":null}},"26":{"start":{"line":53,"column":6},"end":{"line":55,"column":null}},"27":{"start":{"line":59,"column":27},"end":{"line":59,"column":null}},"28":{"start":{"line":61,"column":21},"end":{"line":67,"column":null}},"29":{"start":{"line":68,"column":4},"end":{"line":70,"column":null}},"30":{"start":{"line":69,"column":6},"end":{"line":69,"column":null}},"31":{"start":{"line":72,"column":20},"end":{"line":72,"column":null}},"32":{"start":{"line":73,"column":21},"end":{"line":75,"column":null}},"33":{"start":{"line":79,"column":4},"end":{"line":85,"column":null}},"34":{"start":{"line":87,"column":4},"end":{"line":87,"column":null}},"35":{"start":{"line":89,"column":4},"end":{"line":89,"column":null}},"36":{"start":{"line":90,"column":4},"end":{"line":92,"column":null}}},"fnMap":{"0":{"name":"POST","decl":{"start":{"line":9,"column":22},"end":{"line":9,"column":27}},"loc":{"start":{"line":9,"column":47},"end":{"line":95,"column":null}}}},"branchMap":{"0":{"loc":{"start":{"line":18,"column":4},"end":{"line":23,"column":null}},"type":"if","locations":[{"start":{"line":18,"column":4},"end":{"line":23,"column":null}},{"start":{},"end":{}}]},"1":{"loc":{"start":{"line":31,"column":4},"end":{"line":36,"column":null}},"type":"if","locations":[{"start":{"line":31,"column":4},"end":{"line":36,"column":null}},{"start":{},"end":{}}]},"2":{"loc":{"start":{"line":33,"column":17},"end":{"line":33,"column":77}},"type":"binary-expr","locations":[{"start":{"line":33,"column":17},"end":{"line":33,"column":41}},{"start":{"line":33,"column":45},"end":{"line":33,"column":77}}]},"3":{"loc":{"start":{"line":43,"column":4},"end":{"line":51,"column":null}},"type":"if","locations":[{"start":{"line":43,"column":4},"end":{"line":51,"column":null}},{"start":{},"end":{}}]},"4":{"loc":{"start":{"line":47,"column":6},"end":{"line":50,"column":null}},"type":"if","locations":[{"start":{"line":47,"column":6},"end":{"line":50,"column":null}},{"start":{},"end":{}}]},"5":{"loc":{"start":{"line":52,"column":4},"end":{"line":57,"column":null}},"type":"if","locations":[{"start":{"line":52,"column":4},"end":{"line":57,"column":null}},{"start":{},"end":{}}]},"6":{"loc":{"start":{"line":52,"column":8},"end":{"line":52,"column":37}},"type":"binary-expr","locations":[{"start":{"line":52,"column":8},"end":{"line":52,"column":28}},{"start":{"line":52,"column":28},"end":{"line":52,"column":37}}]},"7":{"loc":{"start":{"line":68,"column":4},"end":{"line":70,"column":null}},"type":"if","locations":[{"start":{"line":68,"column":4},"end":{"line":70,"column":null}},{"start":{},"end":{}}]}},"s":{"0":0,"1":0,"2":0,"3":0,"4":0,"5":0,"6":0,"7":0,"8":0,"9":0,"10":0,"11":0,"12":0,"13":0,"14":0,"15":0,"16":0,"17":0,"18":0,"19":0,"20":0,"21":0,"22":0,"23":0,"24":0,"25":0,"26":0,"27":0,"28":0,"29":0,"30":0,"31":0,"32":0,"33":0,"34":0,"35":0,"36":0},"f":{"0":0},"b":{"0":[0,0],"1":[0,0],"2":[0,0],"3":[0,0],"4":[0,0],"5":[0,0],"6":[0,0],"7":[0,0]}}
,"/Users/jlmx/projects/apptrack/app/api/ai-coach/career-advice/route.ts": {"path":"/Users/jlmx/projects/apptrack/app/api/ai-coach/career-advice/route.ts","statementMap":{"0":{"start":{"line":98,"column":13},"end":{"line":98,"column":20}},"1":{"start":{"line":1,"column":47},"end":{"line":1,"column":null}},"2":{"start":{"line":2,"column":29},"end":{"line":2,"column":null}},"3":{"start":{"line":3,"column":30},"end":{"line":3,"column":null}},"4":{"start":{"line":4,"column":37},"end":{"line":4,"column":null}},"5":{"start":{"line":5,"column":31},"end":{"line":5,"column":null}},"6":{"start":{"line":6,"column":30},"end":{"line":6,"column":null}},"7":{"start":{"line":9,"column":2},"end":{"line":94,"column":null}},"8":{"start":{"line":10,"column":21},"end":{"line":10,"column":null}},"9":{"start":{"line":15,"column":8},"end":{"line":15,"column":null}},"10":{"start":{"line":17,"column":4},"end":{"line":22,"column":null}},"11":{"start":{"line":18,"column":6},"end":{"line":20,"column":null}},"12":{"start":{"line":25,"column":29},"end":{"line":27,"column":null}},"13":{"start":{"line":30,"column":4},"end":{"line":35,"column":null}},"14":{"start":{"line":31,"column":6},"end":{"line":33,"column":null}},"15":{"start":{"line":37,"column":45},"end":{"line":37,"column":null}},"16":{"start":{"line":39,"column":4},"end":{"line":44,"column":null}},"17":{"start":{"line":40,"column":6},"end":{"line":42,"column":null}},"18":{"start":{"line":47,"column":24},"end":{"line":52,"column":null}},"19":{"start":{"line":54,"column":37},"end":{"line":56,"column":null}},"20":{"start":{"line":58,"column":4},"end":{"line":60,"column":null}},"21":{"start":{"line":59,"column":6},"end":{"line":59,"column":null}},"22":{"start":{"line":63,"column":20},"end":{"line":63,"column":null}},"23":{"start":{"line":66,"column":20},"end":{"line":66,"column":45}},"24":{"start":{"line":69,"column":21},"end":{"line":69,"column":null}},"25":{"start":{"line":72,"column":22},"end":{"line":77,"column":null}},"26":{"start":{"line":79,"column":35},"end":{"line":81,"column":null}},"27":{"start":{"line":83,"column":4},"end":{"line":85,"column":null}},"28":{"start":{"line":84,"column":6},"end":{"line":84,"column":null}},"29":{"start":{"line":87,"column":4},"end":{"line":87,"column":null}},"30":{"start":{"line":89,"column":4},"end":{"line":89,"column":null}},"31":{"start":{"line":90,"column":4},"end":{"line":92,"column":null}},"32":{"start":{"line":98,"column":20},"end":{"line":103,"column":null}},"33":{"start":{"line":99,"column":2},"end":{"line":102,"column":null}}},"fnMap":{"0":{"name":"careerAdviceHandler","decl":{"start":{"line":8,"column":15},"end":{"line":8,"column":35}},"loc":{"start":{"line":8,"column":55},"end":{"line":95,"column":null}}},"1":{"name":"(anonymous_2)","decl":{"start":{"line":98,"column":20},"end":{"line":98,"column":27}},"loc":{"start":{"line":98,"column":27},"end":{"line":103,"column":null}}}},"branchMap":{"0":{"loc":{"start":{"line":17,"column":4},"end":{"line":22,"column":null}},"type":"if","locations":[{"start":{"line":17,"column":4},"end":{"line":22,"column":null}},{"start":{},"end":{}}]},"1":{"loc":{"start":{"line":30,"column":4},"end":{"line":35,"column":null}},"type":"if","locations":[{"start":{"line":30,"column":4},"end":{"line":35,"column":null}},{"start":{},"end":{}}]},"2":{"loc":{"start":{"line":32,"column":17},"end":{"line":32,"column":77}},"type":"binary-expr","locations":[{"start":{"line":32,"column":17},"end":{"line":32,"column":41}},{"start":{"line":32,"column":45},"end":{"line":32,"column":77}}]},"3":{"loc":{"start":{"line":39,"column":4},"end":{"line":44,"column":null}},"type":"if","locations":[{"start":{"line":39,"column":4},"end":{"line":44,"column":null}},{"start":{},"end":{}}]},"4":{"loc":{"start":{"line":58,"column":4},"end":{"line":60,"column":null}},"type":"if","locations":[{"start":{"line":58,"column":4},"end":{"line":60,"column":null}},{"start":{},"end":{}}]},"5":{"loc":{"start":{"line":66,"column":20},"end":{"line":66,"column":45}},"type":"binary-expr","locations":[{"start":{"line":66,"column":20},"end":{"line":66,"column":43}},{"start":{"line":66,"column":43},"end":{"line":66,"column":45}}]},"6":{"loc":{"start":{"line":74,"column":15},"end":{"line":74,"column":null}},"type":"cond-expr","locations":[{"start":{"line":74,"column":46},"end":{"line":74,"column":57}},{"start":{"line":74,"column":57},"end":{"line":74,"column":null}}]},"7":{"loc":{"start":{"line":74,"column":57},"end":{"line":74,"column":null}},"type":"binary-expr","locations":[{"start":{"line":74,"column":57},"end":{"line":74,"column":72}},{"start":{"line":74,"column":76},"end":{"line":74,"column":92}},{"start":{"line":74,"column":96},"end":{"line":74,"column":null}}]},"8":{"loc":{"start":{"line":83,"column":4},"end":{"line":85,"column":null}},"type":"if","locations":[{"start":{"line":83,"column":4},"end":{"line":85,"column":null}},{"start":{},"end":{}}]}},"s":{"0":0,"1":0,"2":0,"3":0,"4":0,"5":0,"6":0,"7":0,"8":0,"9":0,"10":0,"11":0,"12":0,"13":0,"14":0,"15":0,"16":0,"17":0,"18":0,"19":0,"20":0,"21":0,"22":0,"23":0,"24":0,"25":0,"26":0,"27":0,"28":0,"29":0,"30":0,"31":0,"32":0,"33":0},"f":{"0":0,"1":0},"b":{"0":[0,0],"1":[0,0],"2":[0,0],"3":[0,0],"4":[0,0],"5":[0,0],"6":[0,0],"7":[0,0,0],"8":[0,0]}}
,"/Users/jlmx/projects/apptrack/app/api/ai-coach/career-advice/history/route.ts": {"path":"/Users/jlmx/projects/apptrack/app/api/ai-coach/career-advice/history/route.ts","statementMap":{"0":{"start":{"line":11,"column":22},"end":{"line":11,"column":25}},"1":{"start":{"line":41,"column":22},"end":{"line":41,"column":26}},"2":{"start":{"line":1,"column":42},"end":{"line":1,"column":null}},"3":{"start":{"line":2,"column":29},"end":{"line":2,"column":null}},"4":{"start":{"line":3,"column":31},"end":{"line":3,"column":null}},"5":{"start":{"line":4,"column":18},"end":{"line":4,"column":null}},"6":{"start":{"line":6,"column":22},"end":{"line":9,"column":null}},"7":{"start":{"line":12,"column":2},"end":{"line":38,"column":null}},"8":{"start":{"line":13,"column":21},"end":{"line":13,"column":null}},"9":{"start":{"line":16,"column":49},"end":{"line":16,"column":null}},"10":{"start":{"line":17,"column":4},"end":{"line":19,"column":null}},"11":{"start":{"line":18,"column":6},"end":{"line":18,"column":null}},"12":{"start":{"line":22,"column":38},"end":{"line":26,"column":null}},"13":{"start":{"line":28,"column":4},"end":{"line":31,"column":null}},"14":{"start":{"line":29,"column":6},"end":{"line":29,"column":null}},"15":{"start":{"line":30,"column":6},"end":{"line":30,"column":null}},"16":{"start":{"line":33,"column":4},"end":{"line":33,"column":null}},"17":{"start":{"line":36,"column":4},"end":{"line":36,"column":null}},"18":{"start":{"line":37,"column":4},"end":{"line":37,"column":null}},"19":{"start":{"line":42,"column":2},"end":{"line":84,"column":null}},"20":{"start":{"line":43,"column":21},"end":{"line":43,"column":null}},"21":{"start":{"line":46,"column":49},"end":{"line":46,"column":null}},"22":{"start":{"line":47,"column":4},"end":{"line":49,"column":null}},"23":{"start":{"line":48,"column":6},"end":{"line":48,"column":null}},"24":{"start":{"line":52,"column":17},"end":{"line":52,"column":null}},"25":{"start":{"line":53,"column":26},"end":{"line":53,"column":null}},"26":{"start":{"line":56,"column":37},"end":{"line":65,"column":null}},"27":{"start":{"line":67,"column":4},"end":{"line":70,"column":null}},"28":{"start":{"line":68,"column":6},"end":{"line":68,"column":null}},"29":{"start":{"line":69,"column":6},"end":{"line":69,"column":null}},"30":{"start":{"line":72,"column":4},"end":{"line":72,"column":null}},"31":{"start":{"line":75,"column":4},"end":{"line":80,"column":null}},"32":{"start":{"line":76,"column":6},"end":{"line":78,"column":null}},"33":{"start":{"line":82,"column":4},"end":{"line":82,"column":null}},"34":{"start":{"line":83,"column":4},"end":{"line":83,"column":null}}},"fnMap":{"0":{"name":"GET","decl":{"start":{"line":11,"column":22},"end":{"line":11,"column":25}},"loc":{"start":{"line":11,"column":22},"end":{"line":39,"column":null}}},"1":{"name":"POST","decl":{"start":{"line":41,"column":22},"end":{"line":41,"column":26}},"loc":{"start":{"line":41,"column":47},"end":{"line":85,"column":null}}}},"branchMap":{"0":{"loc":{"start":{"line":17,"column":4},"end":{"line":19,"column":null}},"type":"if","locations":[{"start":{"line":17,"column":4},"end":{"line":19,"column":null}},{"start":{},"end":{}}]},"1":{"loc":{"start":{"line":17,"column":8},"end":{"line":17,"column":28}},"type":"binary-expr","locations":[{"start":{"line":17,"column":8},"end":{"line":17,"column":21}},{"start":{"line":17,"column":21},"end":{"line":17,"column":28}}]},"2":{"loc":{"start":{"line":28,"column":4},"end":{"line":31,"column":null}},"type":"if","locations":[{"start":{"line":28,"column":4},"end":{"line":31,"column":null}},{"start":{},"end":{}}]},"3":{"loc":{"start":{"line":47,"column":4},"end":{"line":49,"column":null}},"type":"if","locations":[{"start":{"line":47,"column":4},"end":{"line":49,"column":null}},{"start":{},"end":{}}]},"4":{"loc":{"start":{"line":47,"column":8},"end":{"line":47,"column":28}},"type":"binary-expr","locations":[{"start":{"line":47,"column":8},"end":{"line":47,"column":21}},{"start":{"line":47,"column":21},"end":{"line":47,"column":28}}]},"5":{"loc":{"start":{"line":67,"column":4},"end":{"line":70,"column":null}},"type":"if","locations":[{"start":{"line":67,"column":4},"end":{"line":70,"column":null}},{"start":{},"end":{}}]},"6":{"loc":{"start":{"line":75,"column":4},"end":{"line":80,"column":null}},"type":"if","locations":[{"start":{"line":75,"column":4},"end":{"line":80,"column":null}},{"start":{},"end":{}}]}},"s":{"0":0,"1":0,"2":0,"3":0,"4":0,"5":0,"6":0,"7":0,"8":0,"9":0,"10":0,"11":0,"12":0,"13":0,"14":0,"15":0,"16":0,"17":0,"18":0,"19":0,"20":0,"21":0,"22":0,"23":0,"24":0,"25":0,"26":0,"27":0,"28":0,"29":0,"30":0,"31":0,"32":0,"33":0,"34":0},"f":{"0":0,"1":0},"b":{"0":[0,0],"1":[0,0],"2":[0,0],"3":[0,0],"4":[0,0],"5":[0,0],"6":[0,0]}}
,"/Users/jlmx/projects/apptrack/app/api/ai-coach/cover-letter/route.ts": {"path":"/Users/jlmx/projects/apptrack/app/api/ai-coach/cover-letter/route.ts","statementMap":{"0":{"start":{"line":140,"column":13},"end":{"line":140,"column":20}},"1":{"start":{"line":1,"column":47},"end":{"line":1,"column":null}},"2":{"start":{"line":2,"column":29},"end":{"line":2,"column":null}},"3":{"start":{"line":3,"column":30},"end":{"line":3,"column":null}},"4":{"start":{"line":4,"column":37},"end":{"line":4,"column":null}},"5":{"start":{"line":5,"column":31},"end":{"line":5,"column":null}},"6":{"start":{"line":6,"column":30},"end":{"line":6,"column":null}},"7":{"start":{"line":7,"column":37},"end":{"line":7,"column":null}},"8":{"start":{"line":10,"column":2},"end":{"line":136,"column":null}},"9":{"start":{"line":11,"column":21},"end":{"line":11,"column":null}},"10":{"start":{"line":15,"column":8},"end":{"line":15,"column":null}},"11":{"start":{"line":17,"column":4},"end":{"line":22,"column":null}},"12":{"start":{"line":18,"column":6},"end":{"line":20,"column":null}},"13":{"start":{"line":25,"column":29},"end":{"line":27,"column":null}},"14":{"start":{"line":30,"column":4},"end":{"line":35,"column":null}},"15":{"start":{"line":31,"column":6},"end":{"line":33,"column":null}},"16":{"start":{"line":45,"column":8},"end":{"line":45,"column":null}},"17":{"start":{"line":48,"column":30},"end":{"line":48,"column":null}},"18":{"start":{"line":49,"column":30},"end":{"line":49,"column":null}},"19":{"start":{"line":50,"column":27},"end":{"line":50,"column":null}},"20":{"start":{"line":51,"column":24},"end":{"line":51,"column":null}},"21":{"start":{"line":53,"column":4},"end":{"line":75,"column":null}},"22":{"start":{"line":54,"column":22},"end":{"line":54,"column":null}},"23":{"start":{"line":57,"column":6},"end":{"line":59,"column":null}},"24":{"start":{"line":58,"column":8},"end":{"line":58,"column":null}},"25":{"start":{"line":62,"column":6},"end":{"line":64,"column":null}},"26":{"start":{"line":63,"column":8},"end":{"line":63,"column":null}},"27":{"start":{"line":67,"column":6},"end":{"line":74,"column":null}},"28":{"start":{"line":68,"column":8},"end":{"line":70,"column":null}},"29":{"start":{"line":69,"column":10},"end":{"line":69,"column":null}},"30":{"start":{"line":71,"column":8},"end":{"line":73,"column":null}},"31":{"start":{"line":72,"column":10},"end":{"line":72,"column":null}},"32":{"start":{"line":78,"column":4},"end":{"line":81,"column":null}},"33":{"start":{"line":79,"column":21},"end":{"line":79,"column":null}},"34":{"start":{"line":80,"column":6},"end":{"line":80,"column":null}},"35":{"start":{"line":83,"column":4},"end":{"line":88,"column":null}},"36":{"start":{"line":84,"column":6},"end":{"line":86,"column":null}},"37":{"start":{"line":90,"column":20},"end":{"line":90,"column":null}},"38":{"start":{"line":91,"column":24},"end":{"line":94,"column":null}},"39":{"start":{"line":98,"column":4},"end":{"line":127,"column":null}},"40":{"start":{"line":99,"column":23},"end":{"line":99,"column":null}},"41":{"start":{"line":100,"column":48},"end":{"line":113,"column":null}},"42":{"start":{"line":115,"column":6},"end":{"line":118,"column":null}},"43":{"start":{"line":116,"column":8},"end":{"line":116,"column":null}},"44":{"start":{"line":121,"column":6},"end":{"line":123,"column":null}},"45":{"start":{"line":122,"column":8},"end":{"line":122,"column":null}},"46":{"start":{"line":125,"column":6},"end":{"line":125,"column":null}},"47":{"start":{"line":129,"column":4},"end":{"line":129,"column":null}},"48":{"start":{"line":131,"column":4},"end":{"line":131,"column":null}},"49":{"start":{"line":132,"column":4},"end":{"line":134,"column":null}},"50":{"start":{"line":140,"column":20},"end":{"line":145,"column":null}},"51":{"start":{"line":141,"column":2},"end":{"line":144,"column":null}}},"fnMap":{"0":{"name":"coverLetterHandler","decl":{"start":{"line":9,"column":15},"end":{"line":9,"column":34}},"loc":{"start":{"line":9,"column":54},"end":{"line":137,"column":null}}},"1":{"name":"(anonymous_2)","decl":{"start":{"line":140,"column":20},"end":{"line":140,"column":27}},"loc":{"start":{"line":140,"column":27},"end":{"line":145,"column":null}}}},"branchMap":{"0":{"loc":{"start":{"line":17,"column":4},"end":{"line":22,"column":null}},"type":"if","locations":[{"start":{"line":17,"column":4},"end":{"line":22,"column":null}},{"start":{},"end":{}}]},"1":{"loc":{"start":{"line":30,"column":4},"end":{"line":35,"column":null}},"type":"if","locations":[{"start":{"line":30,"column":4},"end":{"line":35,"column":null}},{"start":{},"end":{}}]},"2":{"loc":{"start":{"line":32,"column":17},"end":{"line":32,"column":77}},"type":"binary-expr","locations":[{"start":{"line":32,"column":17},"end":{"line":32,"column":41}},{"start":{"line":32,"column":45},"end":{"line":32,"column":77}}]},"3":{"loc":{"start":{"line":53,"column":4},"end":{"line":75,"column":null}},"type":"if","locations":[{"start":{"line":53,"column":4},"end":{"line":75,"column":null}},{"start":{},"end":{}}]},"4":{"loc":{"start":{"line":57,"column":6},"end":{"line":59,"column":null}},"type":"if","locations":[{"start":{"line":57,"column":6},"end":{"line":59,"column":null}},{"start":{},"end":{}}]},"5":{"loc":{"start":{"line":57,"column":10},"end":{"line":57,"column":56}},"type":"binary-expr","locations":[{"start":{"line":57,"column":10},"end":{"line":57,"column":34}},{"start":{"line":57,"column":34},"end":{"line":57,"column":56}}]},"6":{"loc":{"start":{"line":62,"column":6},"end":{"line":64,"column":null}},"type":"if","locations":[{"start":{"line":62,"column":6},"end":{"line":64,"column":null}},{"start":{},"end":{}}]},"7":{"loc":{"start":{"line":62,"column":10},"end":{"line":62,"column":52}},"type":"binary-expr","locations":[{"start":{"line":62,"column":10},"end":{"line":62,"column":34}},{"start":{"line":62,"column":34},"end":{"line":62,"column":52}}]},"8":{"loc":{"start":{"line":67,"column":6},"end":{"line":74,"column":null}},"type":"if","locations":[{"start":{"line":67,"column":6},"end":{"line":74,"column":null}},{"start":{},"end":{}}]},"9":{"loc":{"start":{"line":68,"column":8},"end":{"line":70,"column":null}},"type":"if","locations":[{"start":{"line":68,"column":8},"end":{"line":70,"column":null}},{"start":{},"end":{}}]},"10":{"loc":{"start":{"line":71,"column":8},"end":{"line":73,"column":null}},"type":"if","locations":[{"start":{"line":71,"column":8},"end":{"line":73,"column":null}},{"start":{},"end":{}}]},"11":{"loc":{"start":{"line":78,"column":4},"end":{"line":81,"column":null}},"type":"if","locations":[{"start":{"line":78,"column":4},"end":{"line":81,"column":null}},{"start":{},"end":{}}]},"12":{"loc":{"start":{"line":83,"column":4},"end":{"line":88,"column":null}},"type":"if","locations":[{"start":{"line":83,"column":4},"end":{"line":88,"column":null}},{"start":{},"end":{}}]},"13":{"loc":{"start":{"line":83,"column":8},"end":{"line":83,"column":75}},"type":"binary-expr","locations":[{"start":{"line":83,"column":8},"end":{"line":83,"column":32}},{"start":{"line":83,"column":32},"end":{"line":83,"column":56}},{"start":{"line":83,"column":56},"end":{"line":83,"column":75}}]},"14":{"loc":{"start":{"line":104,"column":26},"end":{"line":104,"column":null}},"type":"binary-expr","locations":[{"start":{"line":104,"column":26},"end":{"line":104,"column":43}},{"start":{"line":104,"column":43},"end":{"line":104,"column":null}}]},"15":{"loc":{"start":{"line":106,"column":21},"end":{"line":106,"column":null}},"type":"binary-expr","locations":[{"start":{"line":106,"column":21},"end":{"line":106,"column":38}},{"start":{"line":106,"column":38},"end":{"line":106,"column":null}}]},"16":{"loc":{"start":{"line":109,"column":16},"end":{"line":109,"column":null}},"type":"binary-expr","locations":[{"start":{"line":109,"column":16},"end":{"line":109,"column":24}},{"start":{"line":109,"column":24},"end":{"line":109,"column":null}}]},"17":{"loc":{"start":{"line":110,"column":27},"end":{"line":110,"column":null}},"type":"binary-expr","locations":[{"start":{"line":110,"column":27},"end":{"line":110,"column":45}},{"start":{"line":110,"column":45},"end":{"line":110,"column":null}}]},"18":{"loc":{"start":{"line":115,"column":6},"end":{"line":118,"column":null}},"type":"if","locations":[{"start":{"line":115,"column":6},"end":{"line":118,"column":null}},{"start":{},"end":{}}]},"19":{"loc":{"start":{"line":121,"column":6},"end":{"line":123,"column":null}},"type":"if","locations":[{"start":{"line":121,"column":6},"end":{"line":123,"column":null}},{"start":{},"end":{}}]},"20":{"loc":{"start":{"line":121,"column":10},"end":{"line":121,"column":48}},"type":"binary-expr","locations":[{"start":{"line":121,"column":10},"end":{"line":121,"column":27}},{"start":{"line":121,"column":27},"end":{"line":121,"column":48}}]}},"s":{"0":0,"1":0,"2":0,"3":0,"4":0,"5":0,"6":0,"7":0,"8":0,"9":0,"10":0,"11":0,"12":0,"13":0,"14":0,"15":0,"16":0,"17":0,"18":0,"19":0,"20":0,"21":0,"22":0,"23":0,"24":0,"25":0,"26":0,"27":0,"28":0,"29":0,"30":0,"31":0,"32":0,"33":0,"34":0,"35":0,"36":0,"37":0,"38":0,"39":0,"40":0,"41":0,"42":0,"43":0,"44":0,"45":0,"46":0,"47":0,"48":0,"49":0,"50":0,"51":0},"f":{"0":0,"1":0},"b":{"0":[0,0],"1":[0,0],"2":[0,0],"3":[0,0],"4":[0,0],"5":[0,0],"6":[0,0],"7":[0,0],"8":[0,0],"9":[0,0],"10":[0,0],"11":[0,0],"12":[0,0],"13":[0,0,0],"14":[0,0],"15":[0,0],"16":[0,0],"17":[0,0],"18":[0,0],"19":[0,0],"20":[0,0]}}
,"/Users/jlmx/projects/apptrack/app/api/ai-coach/cover-letters/route.ts": {"path":"/Users/jlmx/projects/apptrack/app/api/ai-coach/cover-letters/route.ts","statementMap":{"0":{"start":{"line":46,"column":22},"end":{"line":46,"column":28}},"1":{"start":{"line":6,"column":22},"end":{"line":6,"column":25}},"2":{"start":{"line":1,"column":47},"end":{"line":1,"column":null}},"3":{"start":{"line":2,"column":29},"end":{"line":2,"column":null}},"4":{"start":{"line":3,"column":31},"end":{"line":3,"column":null}},"5":{"start":{"line":7,"column":2},"end":{"line":42,"column":null}},"6":{"start":{"line":8,"column":21},"end":{"line":8,"column":null}},"7":{"start":{"line":12,"column":8},"end":{"line":12,"column":null}},"8":{"start":{"line":14,"column":4},"end":{"line":19,"column":null}},"9":{"start":{"line":15,"column":6},"end":{"line":17,"column":null}},"10":{"start":{"line":21,"column":42},"end":{"line":25,"column":null}},"11":{"start":{"line":27,"column":4},"end":{"line":33,"column":null}},"12":{"start":{"line":28,"column":6},"end":{"line":28,"column":null}},"13":{"start":{"line":29,"column":6},"end":{"line":31,"column":null}},"14":{"start":{"line":35,"column":4},"end":{"line":35,"column":null}},"15":{"start":{"line":37,"column":4},"end":{"line":37,"column":null}},"16":{"start":{"line":38,"column":4},"end":{"line":40,"column":null}},"17":{"start":{"line":47,"column":2},"end":{"line":93,"column":null}},"18":{"start":{"line":48,"column":21},"end":{"line":48,"column":null}},"19":{"start":{"line":52,"column":8},"end":{"line":52,"column":null}},"20":{"start":{"line":54,"column":4},"end":{"line":59,"column":null}},"21":{"start":{"line":55,"column":6},"end":{"line":57,"column":null}},"22":{"start":{"line":62,"column":16},"end":{"line":62,"column":null}},"23":{"start":{"line":63,"column":15},"end":{"line":63,"column":null}},"24":{"start":{"line":65,"column":4},"end":{"line":70,"column":null}},"25":{"start":{"line":66,"column":6},"end":{"line":68,"column":null}},"26":{"start":{"line":72,"column":22},"end":{"line":76,"column":31}},"27":{"start":{"line":78,"column":4},"end":{"line":84,"column":null}},"28":{"start":{"line":79,"column":6},"end":{"line":79,"column":null}},"29":{"start":{"line":80,"column":6},"end":{"line":82,"column":null}},"30":{"start":{"line":86,"column":4},"end":{"line":86,"column":null}},"31":{"start":{"line":88,"column":4},"end":{"line":88,"column":null}},"32":{"start":{"line":89,"column":4},"end":{"line":91,"column":null}}},"fnMap":{"0":{"name":"GET","decl":{"start":{"line":6,"column":22},"end":{"line":6,"column":25}},"loc":{"start":{"line":6,"column":46},"end":{"line":43,"column":null}}},"1":{"name":"DELETE","decl":{"start":{"line":46,"column":22},"end":{"line":46,"column":28}},"loc":{"start":{"line":46,"column":49},"end":{"line":94,"column":null}}}},"branchMap":{"0":{"loc":{"start":{"line":14,"column":4},"end":{"line":19,"column":null}},"type":"if","locations":[{"start":{"line":14,"column":4},"end":{"line":19,"column":null}},{"start":{},"end":{}}]},"1":{"loc":{"start":{"line":27,"column":4},"end":{"line":33,"column":null}},"type":"if","locations":[{"start":{"line":27,"column":4},"end":{"line":33,"column":null}},{"start":{},"end":{}}]},"2":{"loc":{"start":{"line":35,"column":45},"end":{"line":35,"column":63}},"type":"binary-expr","locations":[{"start":{"line":35,"column":45},"end":{"line":35,"column":61}},{"start":{"line":35,"column":61},"end":{"line":35,"column":63}}]},"3":{"loc":{"start":{"line":54,"column":4},"end":{"line":59,"column":null}},"type":"if","locations":[{"start":{"line":54,"column":4},"end":{"line":59,"column":null}},{"start":{},"end":{}}]},"4":{"loc":{"start":{"line":65,"column":4},"end":{"line":70,"column":null}},"type":"if","locations":[{"start":{"line":65,"column":4},"end":{"line":70,"column":null}},{"start":{},"end":{}}]},"5":{"loc":{"start":{"line":78,"column":4},"end":{"line":84,"column":null}},"type":"if","locations":[{"start":{"line":78,"column":4},"end":{"line":84,"column":null}},{"start":{},"end":{}}]}},"s":{"0":0,"1":0,"2":0,"3":0,"4":0,"5":0,"6":0,"7":0,"8":0,"9":0,"10":0,"11":0,"12":0,"13":0,"14":0,"15":0,"16":0,"17":0,"18":0,"19":0,"20":0,"21":0,"22":0,"23":0,"24":0,"25":0,"26":0,"27":0,"28":0,"29":0,"30":0,"31":0,"32":0},"f":{"0":0,"1":0},"b":{"0":[0,0],"1":[0,0],"2":[0,0],"3":[0,0],"4":[0,0],"5":[0,0]}}
,"/Users/jlmx/projects/apptrack/app/api/ai-coach/cover-letters/history/route.ts": {"path":"/Users/jlmx/projects/apptrack/app/api/ai-coach/cover-letters/history/route.ts","statementMap":{"0":{"start":{"line":73,"column":22},"end":{"line":73,"column":28}},"1":{"start":{"line":5,"column":22},"end":{"line":5,"column":25}},"2":{"start":{"line":34,"column":22},"end":{"line":34,"column":26}},"3":{"start":{"line":1,"column":42},"end":{"line":1,"column":null}},"4":{"start":{"line":2,"column":24},"end":{"line":2,"column":null}},"5":{"start":{"line":6,"column":2},"end":{"line":31,"column":null}},"6":{"start":{"line":7,"column":17},"end":{"line":7,"column":null}},"7":{"start":{"line":9,"column":4},"end":{"line":11,"column":null}},"8":{"start":{"line":10,"column":6},"end":{"line":10,"column":null}},"9":{"start":{"line":13,"column":21},"end":{"line":13,"column":null}},"10":{"start":{"line":15,"column":42},"end":{"line":19,"column":null}},"11":{"start":{"line":21,"column":4},"end":{"line":24,"column":null}},"12":{"start":{"line":22,"column":6},"end":{"line":22,"column":null}},"13":{"start":{"line":23,"column":6},"end":{"line":23,"column":null}},"14":{"start":{"line":26,"column":4},"end":{"line":26,"column":null}},"15":{"start":{"line":29,"column":4},"end":{"line":29,"column":null}},"16":{"start":{"line":30,"column":4},"end":{"line":30,"column":null}},"17":{"start":{"line":35,"column":2},"end":{"line":70,"column":null}},"18":{"start":{"line":36,"column":17},"end":{"line":36,"column":null}},"19":{"start":{"line":38,"column":4},"end":{"line":40,"column":null}},"20":{"start":{"line":39,"column":6},"end":{"line":39,"column":null}},"21":{"start":{"line":42,"column":44},"end":{"line":42,"column":null}},"22":{"start":{"line":44,"column":4},"end":{"line":46,"column":null}},"23":{"start":{"line":45,"column":6},"end":{"line":45,"column":null}},"24":{"start":{"line":48,"column":21},"end":{"line":48,"column":null}},"25":{"start":{"line":50,"column":36},"end":{"line":58,"column":null}},"26":{"start":{"line":60,"column":4},"end":{"line":63,"column":null}},"27":{"start":{"line":61,"column":6},"end":{"line":61,"column":null}},"28":{"start":{"line":62,"column":6},"end":{"line":62,"column":null}},"29":{"start":{"line":65,"column":4},"end":{"line":65,"column":null}},"30":{"start":{"line":68,"column":4},"end":{"line":68,"column":null}},"31":{"start":{"line":69,"column":4},"end":{"line":69,"column":null}},"32":{"start":{"line":74,"column":2},"end":{"line":106,"column":null}},"33":{"start":{"line":75,"column":17},"end":{"line":75,"column":null}},"34":{"start":{"line":77,"column":4},"end":{"line":79,"column":null}},"35":{"start":{"line":78,"column":6},"end":{"line":78,"column":null}},"36":{"start":{"line":81,"column":29},"end":{"line":81,"column":null}},"37":{"start":{"line":82,"column":15},"end":{"line":82,"column":null}},"38":{"start":{"line":84,"column":4},"end":{"line":86,"column":null}},"39":{"start":{"line":85,"column":6},"end":{"line":85,"column":null}},"40":{"start":{"line":88,"column":21},"end":{"line":88,"column":null}},"41":{"start":{"line":90,"column":22},"end":{"line":94,"column":null}},"42":{"start":{"line":96,"column":4},"end":{"line":99,"column":null}},"43":{"start":{"line":97,"column":6},"end":{"line":97,"column":null}},"44":{"start":{"line":98,"column":6},"end":{"line":98,"column":null}},"45":{"start":{"line":101,"column":4},"end":{"line":101,"column":null}},"46":{"start":{"line":104,"column":4},"end":{"line":104,"column":null}},"47":{"start":{"line":105,"column":4},"end":{"line":105,"column":null}}},"fnMap":{"0":{"name":"GET","decl":{"start":{"line":5,"column":22},"end":{"line":5,"column":25}},"loc":{"start":{"line":5,"column":22},"end":{"line":32,"column":null}}},"1":{"name":"POST","decl":{"start":{"line":34,"column":22},"end":{"line":34,"column":26}},"loc":{"start":{"line":34,"column":47},"end":{"line":71,"column":null}}},"2":{"name":"DELETE","decl":{"start":{"line":73,"column":22},"end":{"line":73,"column":28}},"loc":{"start":{"line":73,"column":49},"end":{"line":107,"column":null}}}},"branchMap":{"0":{"loc":{"start":{"line":9,"column":4},"end":{"line":11,"column":null}},"type":"if","locations":[{"start":{"line":9,"column":4},"end":{"line":11,"column":null}},{"start":{},"end":{}}]},"1":{"loc":{"start":{"line":21,"column":4},"end":{"line":24,"column":null}},"type":"if","locations":[{"start":{"line":21,"column":4},"end":{"line":24,"column":null}},{"start":{},"end":{}}]},"2":{"loc":{"start":{"line":26,"column":45},"end":{"line":26,"column":63}},"type":"binary-expr","locations":[{"start":{"line":26,"column":45},"end":{"line":26,"column":61}},{"start":{"line":26,"column":61},"end":{"line":26,"column":63}}]},"3":{"loc":{"start":{"line":38,"column":4},"end":{"line":40,"column":null}},"type":"if","locations":[{"start":{"line":38,"column":4},"end":{"line":40,"column":null}},{"start":{},"end":{}}]},"4":{"loc":{"start":{"line":44,"column":4},"end":{"line":46,"column":null}},"type":"if","locations":[{"start":{"line":44,"column":4},"end":{"line":46,"column":null}},{"start":{},"end":{}}]},"5":{"loc":{"start":{"line":44,"column":8},"end":{"line":44,"column":41}},"type":"binary-expr","locations":[{"start":{"line":44,"column":8},"end":{"line":44,"column":27}},{"start":{"line":44,"column":27},"end":{"line":44,"column":41}}]},"6":{"loc":{"start":{"line":60,"column":4},"end":{"line":63,"column":null}},"type":"if","locations":[{"start":{"line":60,"column":4},"end":{"line":63,"column":null}},{"start":{},"end":{}}]},"7":{"loc":{"start":{"line":77,"column":4},"end":{"line":79,"column":null}},"type":"if","locations":[{"start":{"line":77,"column":4},"end":{"line":79,"column":null}},{"start":{},"end":{}}]},"8":{"loc":{"start":{"line":84,"column":4},"end":{"line":86,"column":null}},"type":"if","locations":[{"start":{"line":84,"column":4},"end":{"line":86,"column":null}},{"start":{},"end":{}}]},"9":{"loc":{"start":{"line":96,"column":4},"end":{"line":99,"column":null}},"type":"if","locations":[{"start":{"line":96,"column":4},"end":{"line":99,"column":null}},{"start":{},"end":{}}]}},"s":{"0":0,"1":0,"2":0,"3":0,"4":0,"5":0,"6":0,"7":0,"8":0,"9":0,"10":0,"11":0,"12":0,"13":0,"14":0,"15":0,"16":0,"17":0,"18":0,"19":0,"20":0,"21":0,"22":0,"23":0,"24":0,"25":0,"26":0,"27":0,"28":0,"29":0,"30":0,"31":0,"32":0,"33":0,"34":0,"35":0,"36":0,"37":0,"38":0,"39":0,"40":0,"41":0,"42":0,"43":0,"44":0,"45":0,"46":0,"47":0},"f":{"0":0,"1":0,"2":0},"b":{"0":[0,0],"1":[0,0],"2":[0,0],"3":[0,0],"4":[0,0],"5":[0,0],"6":[0,0],"7":[0,0],"8":[0,0],"9":[0,0]}}
,"/Users/jlmx/projects/apptrack/app/api/ai-coach/fetch-job-description/route.ts": {"path":"/Users/jlmx/projects/apptrack/app/api/ai-coach/fetch-job-description/route.ts","statementMap":{"0":{"start":{"line":4,"column":22},"end":{"line":4,"column":27}},"1":{"start":{"line":1,"column":47},"end":{"line":1,"column":null}},"2":{"start":{"line":2,"column":29},"end":{"line":2,"column":null}},"3":{"start":{"line":5,"column":2},"end":{"line":100,"column":null}},"4":{"start":{"line":6,"column":21},"end":{"line":6,"column":null}},"5":{"start":{"line":11,"column":8},"end":{"line":11,"column":null}},"6":{"start":{"line":13,"column":4},"end":{"line":15,"column":null}},"7":{"start":{"line":14,"column":6},"end":{"line":14,"column":null}},"8":{"start":{"line":17,"column":20},"end":{"line":17,"column":null}},"9":{"start":{"line":19,"column":4},"end":{"line":21,"column":null}},"10":{"start":{"line":20,"column":6},"end":{"line":20,"column":null}},"11":{"start":{"line":24,"column":4},"end":{"line":31,"column":null}},"12":{"start":{"line":25,"column":6},"end":{"line":25,"column":null}},"13":{"start":{"line":27,"column":6},"end":{"line":29,"column":null}},"14":{"start":{"line":34,"column":21},"end":{"line":38,"column":null}},"15":{"start":{"line":40,"column":4},"end":{"line":45,"column":null}},"16":{"start":{"line":41,"column":6},"end":{"line":43,"column":null}},"17":{"start":{"line":47,"column":17},"end":{"line":47,"column":null}},"18":{"start":{"line":51,"column":22},"end":{"line":56,"column":null}},"19":{"start":{"line":60,"column":24},"end":{"line":70,"column":null}},"20":{"start":{"line":73,"column":23},"end":{"line":73,"column":null}},"21":{"start":{"line":74,"column":31},"end":{"line":75,"column":null}},"22":{"start":{"line":75,"column":6},"end":{"line":75,"column":null}},"23":{"start":{"line":75,"column":36},"end":{"line":75,"column":null}},"24":{"start":{"line":79,"column":6},"end":{"line":79,"column":null}},"25":{"start":{"line":82,"column":4},"end":{"line":84,"column":null}},"26":{"start":{"line":83,"column":6},"end":{"line":83,"column":null}},"27":{"start":{"line":86,"column":4},"end":{"line":91,"column":null}},"28":{"start":{"line":87,"column":6},"end":{"line":89,"column":null}},"29":{"start":{"line":93,"column":4},"end":{"line":93,"column":null}},"30":{"start":{"line":95,"column":4},"end":{"line":95,"column":null}},"31":{"start":{"line":96,"column":4},"end":{"line":98,"column":null}}},"fnMap":{"0":{"name":"POST","decl":{"start":{"line":4,"column":22},"end":{"line":4,"column":27}},"loc":{"start":{"line":4,"column":47},"end":{"line":101,"column":null}}},"1":{"name":"(anonymous_2)","decl":{"start":{"line":74,"column":49},"end":{"line":74,"column":50}},"loc":{"start":{"line":75,"column":6},"end":{"line":75,"column":null}}},"2":{"name":"(anonymous_3)","decl":{"start":{"line":75,"column":23},"end":{"line":75,"column":24}},"loc":{"start":{"line":75,"column":36},"end":{"line":75,"column":null}}}},"branchMap":{"0":{"loc":{"start":{"line":13,"column":4},"end":{"line":15,"column":null}},"type":"if","locations":[{"start":{"line":13,"column":4},"end":{"line":15,"column":null}},{"start":{},"end":{}}]},"1":{"loc":{"start":{"line":19,"column":4},"end":{"line":21,"column":null}},"type":"if","locations":[{"start":{"line":19,"column":4},"end":{"line":21,"column":null}},{"start":{},"end":{}}]},"2":{"loc":{"start":{"line":19,"column":8},"end":{"line":19,"column":41}},"type":"binary-expr","locations":[{"start":{"line":19,"column":8},"end":{"line":19,"column":16}},{"start":{"line":19,"column":16},"end":{"line":19,"column":41}}]},"3":{"loc":{"start":{"line":40,"column":4},"end":{"line":45,"column":null}},"type":"if","locations":[{"start":{"line":40,"column":4},"end":{"line":45,"column":null}},{"start":{},"end":{}}]},"4":{"loc":{"start":{"line":79,"column":6},"end":{"line":79,"column":null}},"type":"cond-expr","locations":[{"start":{"line":79,"column":38},"end":{"line":79,"column":70}},{"start":{"line":79,"column":70},"end":{"line":79,"column":null}}]},"5":{"loc":{"start":{"line":82,"column":4},"end":{"line":84,"column":null}},"type":"if","locations":[{"start":{"line":82,"column":4},"end":{"line":84,"column":null}},{"start":{},"end":{}}]},"6":{"loc":{"start":{"line":86,"column":4},"end":{"line":91,"column":null}},"type":"if","locations":[{"start":{"line":86,"column":4},"end":{"line":91,"column":null}},{"start":{},"end":{}}]}},"s":{"0":0,"1":0,"2":0,"3":0,"4":0,"5":0,"6":0,"7":0,"8":0,"9":0,"10":0,"11":0,"12":0,"13":0,"14":0,"15":0,"16":0,"17":0,"18":0,"19":0,"20":0,"21":0,"22":0,"23":0,"24":0,"25":0,"26":0,"27":0,"28":0,"29":0,"30":0,"31":0},"f":{"0":0,"1":0,"2":0},"b":{"0":[0,0],"1":[0,0],"2":[0,0],"3":[0,0],"4":[0,0],"5":[0,0],"6":[0,0]}}
,"/Users/jlmx/projects/apptrack/app/api/ai-coach/generate-pdf/route.ts": {"path":"/Users/jlmx/projects/apptrack/app/api/ai-coach/generate-pdf/route.ts","statementMap":{"0":{"start":{"line":13,"column":22},"end":{"line":13,"column":27}},"1":{"start":{"line":1,"column":42},"end":{"line":1,"column":null}},"2":{"start":{"line":14,"column":2},"end":{"line":44,"column":null}},"3":{"start":{"line":15,"column":29},"end":{"line":15,"column":null}},"4":{"start":{"line":16,"column":42},"end":{"line":16,"column":null}},"5":{"start":{"line":18,"column":4},"end":{"line":23,"column":null}},"6":{"start":{"line":19,"column":6},"end":{"line":21,"column":null}},"7":{"start":{"line":26,"column":24},"end":{"line":26,"column":null}},"8":{"start":{"line":33,"column":4},"end":{"line":36,"column":null}},"9":{"start":{"line":39,"column":4},"end":{"line":39,"column":null}},"10":{"start":{"line":40,"column":4},"end":{"line":42,"column":null}},"11":{"start":{"line":51,"column":21},"end":{"line":59,"column":null}},"12":{"start":{"line":52,"column":4},"end":{"line":58,"column":null}},"13":{"start":{"line":61,"column":21},"end":{"line":63,"column":null}},"14":{"start":{"line":65,"column":2},"end":{"line":316,"column":null}},"15":{"start":{"line":268,"column":12},"end":{"line":268,"column":63}},"16":{"start":{"line":278,"column":12},"end":{"line":278,"column":63}},"17":{"start":{"line":288,"column":12},"end":{"line":288,"column":61}},"18":{"start":{"line":298,"column":12},"end":{"line":298,"column":64}},"19":{"start":{"line":320,"column":2},"end":{"line":324,"column":null}},"20":{"start":{"line":321,"column":20},"end":{"line":321,"column":null}},"21":{"start":{"line":322,"column":17},"end":{"line":322,"column":null}},"22":{"start":{"line":323,"column":4},"end":{"line":323,"column":null}},"23":{"start":{"line":325,"column":2},"end":{"line":325,"column":null}}},"fnMap":{"0":{"name":"POST","decl":{"start":{"line":13,"column":22},"end":{"line":13,"column":27}},"loc":{"start":{"line":13,"column":43},"end":{"line":45,"column":null}}},"1":{"name":"generatePDFHTML","decl":{"start":{"line":47,"column":9},"end":{"line":47,"column":null}},"loc":{"start":{"line":49,"column":53},"end":{"line":317,"column":null}}},"2":{"name":"(anonymous_3)","decl":{"start":{"line":51,"column":21},"end":{"line":51,"column":22}},"loc":{"start":{"line":51,"column":22},"end":{"line":59,"column":null}}},"3":{"name":"(anonymous_4)","decl":{"start":{"line":267,"column":33},"end":{"line":267,"column":null}},"loc":{"start":{"line":268,"column":12},"end":{"line":268,"column":63}}},"4":{"name":"(anonymous_5)","decl":{"start":{"line":277,"column":34},"end":{"line":277,"column":null}},"loc":{"start":{"line":278,"column":12},"end":{"line":278,"column":63}}},"5":{"name":"(anonymous_6)","decl":{"start":{"line":287,"column":39},"end":{"line":287,"column":null}},"loc":{"start":{"line":288,"column":12},"end":{"line":288,"column":61}}},"6":{"name":"(anonymous_7)","decl":{"start":{"line":297,"column":39},"end":{"line":297,"column":null}},"loc":{"start":{"line":298,"column":12},"end":{"line":298,"column":64}}},"7":{"name":"generateFilename","decl":{"start":{"line":319,"column":9},"end":{"line":319,"column":26}},"loc":{"start":{"line":319,"column":77},"end":{"line":326,"column":null}}}},"branchMap":{"0":{"loc":{"start":{"line":18,"column":4},"end":{"line":23,"column":null}},"type":"if","locations":[{"start":{"line":18,"column":4},"end":{"line":23,"column":null}},{"start":{},"end":{}}]},"1":{"loc":{"start":{"line":61,"column":21},"end":{"line":63,"column":null}},"type":"cond-expr","locations":[{"start":{"line":61,"column":51},"end":{"line":61,"column":null}},{"start":{"line":62,"column":21},"end":{"line":63,"column":null}}]},"2":{"loc":{"start":{"line":62,"column":21},"end":{"line":63,"column":null}},"type":"cond-expr","locations":[{"start":{"line":62,"column":51},"end":{"line":62,"column":null}},{"start":{"line":63,"column":21},"end":{"line":63,"column":null}}]},"3":{"loc":{"start":{"line":63,"column":21},"end":{"line":63,"column":null}},"type":"cond-expr","locations":[{"start":{"line":63,"column":51},"end":{"line":63,"column":63}},{"start":{"line":63,"column":63},"end":{"line":63,"column":null}}]},"4":{"loc":{"start":{"line":240,"column":10},"end":{"line":240,"column":151}},"type":"cond-expr","locations":[{"start":{"line":240,"column":28},"end":{"line":240,"column":145}},{"start":{"line":240,"column":148},"end":{"line":240,"column":151}}]},"5":{"loc":{"start":{"line":252,"column":38},"end":{"line":252,"column":78}},"type":"binary-expr","locations":[{"start":{"line":252,"column":38},"end":{"line":252,"column":76}},{"start":{"line":252,"column":76},"end":{"line":252,"column":78}}]},"6":{"loc":{"start":{"line":256,"column":38},"end":{"line":256,"column":82}},"type":"binary-expr","locations":[{"start":{"line":256,"column":38},"end":{"line":256,"column":80}},{"start":{"line":256,"column":80},"end":{"line":256,"column":82}}]},"7":{"loc":{"start":{"line":260,"column":38},"end":{"line":260,"column":81}},"type":"binary-expr","locations":[{"start":{"line":260,"column":38},"end":{"line":260,"column":79}},{"start":{"line":260,"column":79},"end":{"line":260,"column":81}}]},"8":{"loc":{"start":{"line":266,"column":10},"end":{"line":270,"column":null}},"type":"cond-expr","locations":[{"start":{"line":267,"column":10},"end":{"line":269,"column":null}},{"start":{"line":270,"column":10},"end":{"line":270,"column":null}}]},"9":{"loc":{"start":{"line":276,"column":10},"end":{"line":280,"column":null}},"type":"cond-expr","locations":[{"start":{"line":277,"column":10},"end":{"line":279,"column":null}},{"start":{"line":280,"column":10},"end":{"line":280,"column":null}}]},"10":{"loc":{"start":{"line":286,"column":10},"end":{"line":290,"column":null}},"type":"cond-expr","locations":[{"start":{"line":287,"column":10},"end":{"line":289,"column":null}},{"start":{"line":290,"column":10},"end":{"line":290,"column":null}}]},"11":{"loc":{"start":{"line":296,"column":10},"end":{"line":300,"column":null}},"type":"cond-expr","locations":[{"start":{"line":297,"column":10},"end":{"line":299,"column":null}},{"start":{"line":300,"column":10},"end":{"line":300,"column":null}}]},"12":{"loc":{"start":{"line":320,"column":2},"end":{"line":324,"column":null}},"type":"if","locations":[{"start":{"line":320,"column":2},"end":{"line":324,"column":null}},{"start":{},"end":{}}]}},"s":{"0":0,"1":0,"2":0,"3":0,"4":0,"5":0,"6":0,"7":0,"8":0,"9":0,"10":0,"11":0,"12":0,"13":0,"14":0,"15":0,"16":0,"17":0,"18":0,"19":0,"20":0,"21":0,"22":0,"23":0},"f":{"0":0,"1":0,"2":0,"3":0,"4":0,"5":0,"6":0,"7":0},"b":{"0":[0,0],"1":[0,0],"2":[0,0],"3":[0,0],"4":[0,0],"5":[0,0],"6":[0,0],"7":[0,0],"8":[0,0],"9":[0,0],"10":[0,0],"11":[0,0],"12":[0,0]}}
,"/Users/jlmx/projects/apptrack/app/api/ai-coach/interview-prep/route.ts": {"path":"/Users/jlmx/projects/apptrack/app/api/ai-coach/interview-prep/route.ts","statementMap":{"0":{"start":{"line":41,"column":22},"end":{"line":41,"column":27}},"1":{"start":{"line":1,"column":47},"end":{"line":1,"column":null}},"2":{"start":{"line":2,"column":29},"end":{"line":2,"column":null}},"3":{"start":{"line":3,"column":30},"end":{"line":3,"column":null}},"4":{"start":{"line":4,"column":37},"end":{"line":4,"column":null}},"5":{"start":{"line":5,"column":31},"end":{"line":5,"column":null}},"6":{"start":{"line":6,"column":31},"end":{"line":6,"column":null}},"7":{"start":{"line":7,"column":26},"end":{"line":7,"column":null}},"8":{"start":{"line":8,"column":48},"end":{"line":8,"column":null}},"9":{"start":{"line":10,"column":37},"end":{"line":10,"column":null}},"10":{"start":{"line":42,"column":22},"end":{"line":42,"column":null}},"11":{"start":{"line":44,"column":2},"end":{"line":196,"column":null}},"12":{"start":{"line":46,"column":21},"end":{"line":46,"column":null}},"13":{"start":{"line":47,"column":38},"end":{"line":47,"column":null}},"14":{"start":{"line":49,"column":4},"end":{"line":54,"column":null}},"15":{"start":{"line":50,"column":6},"end":{"line":52,"column":null}},"16":{"start":{"line":57,"column":29},"end":{"line":59,"column":null}},"17":{"start":{"line":62,"column":4},"end":{"line":67,"column":null}},"18":{"start":{"line":63,"column":6},"end":{"line":65,"column":null}},"19":{"start":{"line":70,"column":39},"end":{"line":70,"column":null}},"20":{"start":{"line":79,"column":8},"end":{"line":79,"column":null}},"21":{"start":{"line":82,"column":30},"end":{"line":82,"column":null}},"22":{"start":{"line":83,"column":32},"end":{"line":83,"column":null}},"23":{"start":{"line":85,"column":4},"end":{"line":98,"column":null}},"24":{"start":{"line":86,"column":22},"end":{"line":86,"column":null}},"25":{"start":{"line":89,"column":6},"end":{"line":91,"column":null}},"26":{"start":{"line":90,"column":8},"end":{"line":90,"column":null}},"27":{"start":{"line":94,"column":6},"end":{"line":97,"column":null}},"28":{"start":{"line":95,"column":34},"end":{"line":95,"column":57}},"29":{"start":{"line":96,"column":8},"end":{"line":96,"column":null}},"30":{"start":{"line":101,"column":51},"end":{"line":104,"column":null}},"31":{"start":{"line":107,"column":4},"end":{"line":112,"column":null}},"32":{"start":{"line":108,"column":6},"end":{"line":110,"column":null}},"33":{"start":{"line":115,"column":36},"end":{"line":115,"column":null}},"34":{"start":{"line":116,"column":28},"end":{"line":116,"column":null}},"35":{"start":{"line":118,"column":4},"end":{"line":123,"column":null}},"36":{"start":{"line":119,"column":6},"end":{"line":121,"column":null}},"37":{"start":{"line":126,"column":27},"end":{"line":126,"column":null}},"38":{"start":{"line":127,"column":21},"end":{"line":134,"column":null}},"39":{"start":{"line":136,"column":4},"end":{"line":149,"column":null}},"40":{"start":{"line":138,"column":30},"end":{"line":143,"column":null}},"41":{"start":{"line":145,"column":6},"end":{"line":148,"column":null}},"42":{"start":{"line":152,"column":20},"end":{"line":152,"column":null}},"43":{"start":{"line":153,"column":24},"end":{"line":153,"column":null}},"44":{"start":{"line":154,"column":24},"end":{"line":158,"column":null}},"45":{"start":{"line":161,"column":4},"end":{"line":169,"column":null}},"46":{"start":{"line":172,"column":4},"end":{"line":174,"column":null}},"47":{"start":{"line":173,"column":6},"end":{"line":173,"column":null}},"48":{"start":{"line":177,"column":28},"end":{"line":182,"column":null}},"49":{"start":{"line":184,"column":4},"end":{"line":188,"column":null}},"50":{"start":{"line":191,"column":4},"end":{"line":191,"column":null}},"51":{"start":{"line":192,"column":4},"end":{"line":194,"column":null}},"52":{"start":{"line":207,"column":24},"end":{"line":207,"column":null}},"53":{"start":{"line":208,"column":26},"end":{"line":208,"column":null}},"54":{"start":{"line":210,"column":2},"end":{"line":217,"column":null}},"55":{"start":{"line":211,"column":22},"end":{"line":211,"column":null}},"56":{"start":{"line":212,"column":26},"end":{"line":212,"column":null}},"57":{"start":{"line":213,"column":4},"end":{"line":216,"column":null}},"58":{"start":{"line":214,"column":6},"end":{"line":214,"column":null}},"59":{"start":{"line":215,"column":6},"end":{"line":215,"column":null}},"60":{"start":{"line":219,"column":2},"end":{"line":219,"column":null}}},"fnMap":{"0":{"name":"POST","decl":{"start":{"line":41,"column":22},"end":{"line":41,"column":27}},"loc":{"start":{"line":41,"column":47},"end":{"line":197,"column":null}}},"1":{"name":"resolveResumeData","decl":{"start":{"line":202,"column":15},"end":{"line":202,"column":null}},"loc":{"start":{"line":205,"column":23},"end":{"line":220,"column":null}}}},"branchMap":{"0":{"loc":{"start":{"line":49,"column":4},"end":{"line":54,"column":null}},"type":"if","locations":[{"start":{"line":49,"column":4},"end":{"line":54,"column":null}},{"start":{},"end":{}}]},"1":{"loc":{"start":{"line":62,"column":4},"end":{"line":67,"column":null}},"type":"if","locations":[{"start":{"line":62,"column":4},"end":{"line":67,"column":null}},{"start":{},"end":{}}]},"2":{"loc":{"start":{"line":64,"column":17},"end":{"line":64,"column":77}},"type":"binary-expr","locations":[{"start":{"line":64,"column":17},"end":{"line":64,"column":41}},{"start":{"line":64,"column":45},"end":{"line":64,"column":77}}]},"3":{"loc":{"start":{"line":77,"column":6},"end":{"line":77,"column":24}},"type":"default-arg","locations":[{"start":{"line":77,"column":19},"end":{"line":77,"column":24}}]},"4":{"loc":{"start":{"line":85,"column":4},"end":{"line":98,"column":null}},"type":"if","locations":[{"start":{"line":85,"column":4},"end":{"line":98,"column":null}},{"start":{},"end":{}}]},"5":{"loc":{"start":{"line":89,"column":6},"end":{"line":91,"column":null}},"type":"if","locations":[{"start":{"line":89,"column":6},"end":{"line":91,"column":null}},{"start":{},"end":{}}]},"6":{"loc":{"start":{"line":89,"column":10},"end":{"line":89,"column":56}},"type":"binary-expr","locations":[{"start":{"line":89,"column":10},"end":{"line":89,"column":34}},{"start":{"line":89,"column":34},"end":{"line":89,"column":56}}]},"7":{"loc":{"start":{"line":94,"column":6},"end":{"line":97,"column":null}},"type":"if","locations":[{"start":{"line":94,"column":6},"end":{"line":97,"column":null}},{"start":{},"end":{}}]},"8":{"loc":{"start":{"line":94,"column":10},"end":{"line":94,"column":59}},"type":"binary-expr","locations":[{"start":{"line":94,"column":10},"end":{"line":94,"column":36}},{"start":{"line":94,"column":36},"end":{"line":94,"column":59}}]},"9":{"loc":{"start":{"line":107,"column":4},"end":{"line":112,"column":null}},"type":"if","locations":[{"start":{"line":107,"column":4},"end":{"line":112,"column":null}},{"start":{},"end":{}}]},"10":{"loc":{"start":{"line":115,"column":36},"end":{"line":115,"column":null}},"type":"binary-expr","locations":[{"start":{"line":115,"column":36},"end":{"line":115,"column":59}},{"start":{"line":115,"column":59},"end":{"line":115,"column":null}}]},"11":{"loc":{"start":{"line":116,"column":28},"end":{"line":116,"column":null}},"type":"binary-expr","locations":[{"start":{"line":116,"column":28},"end":{"line":116,"column":38}},{"start":{"line":116,"column":38},"end":{"line":116,"column":null}}]},"12":{"loc":{"start":{"line":118,"column":4},"end":{"line":123,"column":null}},"type":"if","locations":[{"start":{"line":118,"column":4},"end":{"line":123,"column":null}},{"start":{},"end":{}}]},"13":{"loc":{"start":{"line":118,"column":8},"end":{"line":118,"column":54}},"type":"binary-expr","locations":[{"start":{"line":118,"column":8},"end":{"line":118,"column":36}},{"start":{"line":118,"column":36},"end":{"line":118,"column":54}}]},"14":{"loc":{"start":{"line":136,"column":4},"end":{"line":149,"column":null}},"type":"if","locations":[{"start":{"line":136,"column":4},"end":{"line":149,"column":null}},{"start":{},"end":{}}]},"15":{"loc":{"start":{"line":141,"column":24},"end":{"line":141,"column":null}},"type":"binary-expr","locations":[{"start":{"line":141,"column":24},"end":{"line":141,"column":51}},{"start":{"line":141,"column":51},"end":{"line":141,"column":70}},{"start":{"line":141,"column":70},"end":{"line":141,"column":null}}]},"16":{"loc":{"start":{"line":153,"column":24},"end":{"line":153,"column":null}},"type":"binary-expr","locations":[{"start":{"line":153,"column":24},"end":{"line":153,"column":51}},{"start":{"line":153,"column":51},"end":{"line":153,"column":null}}]},"17":{"loc":{"start":{"line":172,"column":4},"end":{"line":174,"column":null}},"type":"if","locations":[{"start":{"line":172,"column":4},"end":{"line":174,"column":null}},{"start":{},"end":{}}]},"18":{"loc":{"start":{"line":172,"column":8},"end":{"line":172,"column":50}},"type":"binary-expr","locations":[{"start":{"line":172,"column":8},"end":{"line":172,"column":25}},{"start":{"line":172,"column":25},"end":{"line":172,"column":50}}]},"19":{"loc":{"start":{"line":180,"column":22},"end":{"line":180,"column":null}},"type":"binary-expr","locations":[{"start":{"line":180,"column":22},"end":{"line":180,"column":49}},{"start":{"line":180,"column":49},"end":{"line":180,"column":68}},{"start":{"line":180,"column":68},"end":{"line":180,"column":null}}]},"20":{"loc":{"start":{"line":207,"column":24},"end":{"line":207,"column":null}},"type":"binary-expr","locations":[{"start":{"line":207,"column":24},"end":{"line":207,"column":38}},{"start":{"line":207,"column":38},"end":{"line":207,"column":null}}]},"21":{"loc":{"start":{"line":208,"column":26},"end":{"line":208,"column":null}},"type":"binary-expr","locations":[{"start":{"line":208,"column":26},"end":{"line":208,"column":42}},{"start":{"line":208,"column":42},"end":{"line":208,"column":null}}]},"22":{"loc":{"start":{"line":210,"column":2},"end":{"line":217,"column":null}},"type":"if","locations":[{"start":{"line":210,"column":2},"end":{"line":217,"column":null}},{"start":{},"end":{}}]},"23":{"loc":{"start":{"line":213,"column":4},"end":{"line":216,"column":null}},"type":"if","locations":[{"start":{"line":213,"column":4},"end":{"line":216,"column":null}},{"start":{},"end":{}}]}},"s":{"0":0,"1":0,"2":0,"3":0,"4":0,"5":0,"6":0,"7":0,"8":0,"9":0,"10":0,"11":0,"12":0,"13":0,"14":0,"15":0,"16":0,"17":0,"18":0,"19":0,"20":0,"21":0,"22":0,"23":0,"24":0,"25":0,"26":0,"27":0,"28":0,"29":0,"30":0,"31":0,"32":0,"33":0,"34":0,"35":0,"36":0,"37":0,"38":0,"39":0,"40":0,"41":0,"42":0,"43":0,"44":0,"45":0,"46":0,"47":0,"48":0,"49":0,"50":0,"51":0,"52":0,"53":0,"54":0,"55":0,"56":0,"57":0,"58":0,"59":0,"60":0},"f":{"0":0,"1":0},"b":{"0":[0,0],"1":[0,0],"2":[0,0],"3":[0],"4":[0,0],"5":[0,0],"6":[0,0],"7":[0,0],"8":[0,0],"9":[0,0],"10":[0,0],"11":[0,0],"12":[0,0],"13":[0,0],"14":[0,0],"15":[0,0,0],"16":[0,0],"17":[0,0],"18":[0,0],"19":[0,0,0],"20":[0,0],"21":[0,0],"22":[0,0],"23":[0,0]}}
,"/Users/jlmx/projects/apptrack/app/api/ai-coach/interview-prep/history/route.ts": {"path":"/Users/jlmx/projects/apptrack/app/api/ai-coach/interview-prep/history/route.ts","statementMap":{"0":{"start":{"line":4,"column":22},"end":{"line":4,"column":25}},"1":{"start":{"line":33,"column":22},"end":{"line":33,"column":26}},"2":{"start":{"line":1,"column":42},"end":{"line":1,"column":null}},"3":{"start":{"line":2,"column":38},"end":{"line":2,"column":null}},"4":{"start":{"line":5,"column":2},"end":{"line":30,"column":null}},"5":{"start":{"line":6,"column":17},"end":{"line":6,"column":null}},"6":{"start":{"line":8,"column":4},"end":{"line":10,"column":null}},"7":{"start":{"line":9,"column":6},"end":{"line":9,"column":null}},"8":{"start":{"line":12,"column":21},"end":{"line":12,"column":null}},"9":{"start":{"line":14,"column":35},"end":{"line":18,"column":null}},"10":{"start":{"line":20,"column":4},"end":{"line":23,"column":null}},"11":{"start":{"line":21,"column":6},"end":{"line":21,"column":null}},"12":{"start":{"line":22,"column":6},"end":{"line":22,"column":null}},"13":{"start":{"line":25,"column":4},"end":{"line":25,"column":null}},"14":{"start":{"line":28,"column":4},"end":{"line":28,"column":null}},"15":{"start":{"line":29,"column":4},"end":{"line":29,"column":null}},"16":{"start":{"line":34,"column":2},"end":{"line":69,"column":null}},"17":{"start":{"line":35,"column":17},"end":{"line":35,"column":null}},"18":{"start":{"line":37,"column":4},"end":{"line":39,"column":null}},"19":{"start":{"line":38,"column":6},"end":{"line":38,"column":null}},"20":{"start":{"line":41,"column":44},"end":{"line":41,"column":null}},"21":{"start":{"line":43,"column":4},"end":{"line":45,"column":null}},"22":{"start":{"line":44,"column":6},"end":{"line":44,"column":null}},"23":{"start":{"line":47,"column":21},"end":{"line":47,"column":null}},"24":{"start":{"line":49,"column":34},"end":{"line":57,"column":null}},"25":{"start":{"line":59,"column":4},"end":{"line":62,"column":null}},"26":{"start":{"line":60,"column":6},"end":{"line":60,"column":null}},"27":{"start":{"line":61,"column":6},"end":{"line":61,"column":null}},"28":{"start":{"line":64,"column":4},"end":{"line":64,"column":null}},"29":{"start":{"line":67,"column":4},"end":{"line":67,"column":null}},"30":{"start":{"line":68,"column":4},"end":{"line":68,"column":null}}},"fnMap":{"0":{"name":"GET","decl":{"start":{"line":4,"column":22},"end":{"line":4,"column":25}},"loc":{"start":{"line":4,"column":22},"end":{"line":31,"column":null}}},"1":{"name":"POST","decl":{"start":{"line":33,"column":22},"end":{"line":33,"column":26}},"loc":{"start":{"line":33,"column":47},"end":{"line":70,"column":null}}}},"branchMap":{"0":{"loc":{"start":{"line":8,"column":4},"end":{"line":10,"column":null}},"type":"if","locations":[{"start":{"line":8,"column":4},"end":{"line":10,"column":null}},{"start":{},"end":{}}]},"1":{"loc":{"start":{"line":20,"column":4},"end":{"line":23,"column":null}},"type":"if","locations":[{"start":{"line":20,"column":4},"end":{"line":23,"column":null}},{"start":{},"end":{}}]},"2":{"loc":{"start":{"line":25,"column":38},"end":{"line":25,"column":49}},"type":"binary-expr","locations":[{"start":{"line":25,"column":38},"end":{"line":25,"column":47}},{"start":{"line":25,"column":47},"end":{"line":25,"column":49}}]},"3":{"loc":{"start":{"line":37,"column":4},"end":{"line":39,"column":null}},"type":"if","locations":[{"start":{"line":37,"column":4},"end":{"line":39,"column":null}},{"start":{},"end":{}}]},"4":{"loc":{"start":{"line":43,"column":4},"end":{"line":45,"column":null}},"type":"if","locations":[{"start":{"line":43,"column":4},"end":{"line":45,"column":null}},{"start":{},"end":{}}]},"5":{"loc":{"start":{"line":43,"column":8},"end":{"line":43,"column":41}},"type":"binary-expr","locations":[{"start":{"line":43,"column":8},"end":{"line":43,"column":27}},{"start":{"line":43,"column":27},"end":{"line":43,"column":41}}]},"6":{"loc":{"start":{"line":59,"column":4},"end":{"line":62,"column":null}},"type":"if","locations":[{"start":{"line":59,"column":4},"end":{"line":62,"column":null}},{"start":{},"end":{}}]}},"s":{"0":0,"1":0,"2":0,"3":0,"4":0,"5":0,"6":0,"7":0,"8":0,"9":0,"10":0,"11":0,"12":0,"13":0,"14":0,"15":0,"16":0,"17":0,"18":0,"19":0,"20":0,"21":0,"22":0,"23":0,"24":0,"25":0,"26":0,"27":0,"28":0,"29":0,"30":0},"f":{"0":0,"1":0},"b":{"0":[0,0],"1":[0,0],"2":[0,0],"3":[0,0],"4":[0,0],"5":[0,0],"6":[0,0]}}
[...]
:76,"column":null}}]},"3":{"loc":{"start":{"line":79,"column":26},"end":{"line":79,"column":null}},"type":"cond-expr","locations":[{"start":{"line":79,"column":56},"end":{"line":79,"column":70}},{"start":{"line":79,"column":70},"end":{"line":79,"column":null}}]},"4":{"loc":{"start":{"line":80,"column":8},"end":{"line":84,"column":null}},"type":"if","locations":[{"start":{"line":80,"column":8},"end":{"line":84,"column":null}},{"start":{"line":82,"column":15},"end":{"line":84,"column":null}}]},"5":{"loc":{"start":{"line":94,"column":13},"end":{"line":96,"column":null}},"type":"cond-expr","locations":[{"start":{"line":95,"column":10},"end":{"line":95,"column":null}},{"start":{"line":96,"column":10},"end":{"line":96,"column":null}}]},"6":{"loc":{"start":{"line":102,"column":8},"end":{"line":108,"column":null}},"type":"if","locations":[{"start":{"line":102,"column":8},"end":{"line":108,"column":null}},{"start":{},"end":{}}]},"7":{"loc":{"start":{"line":103,"column":10},"end":{"line":104,"column":null}},"type":"binary-expr","locations":[{"start":{"line":103,"column":10},"end":{"line":103,"column":null}},{"start":{"line":104,"column":11},"end":{"line":104,"column":24}},{"start":{"line":104,"column":28},"end":{"line":104,"column":41}}]},"8":{"loc":{"start":{"line":117,"column":18},"end":{"line":117,"column":null}},"type":"cond-expr","locations":[{"start":{"line":117,"column":25},"end":{"line":117,"column":38}},{"start":{"line":117,"column":38},"end":{"line":117,"column":null}}]},"9":{"loc":{"start":{"line":169,"column":6},"end":{"line":169,"column":19}},"type":"default-arg","locations":[{"start":{"line":169,"column":13},"end":{"line":169,"column":19}}]},"10":{"loc":{"start":{"line":170,"column":6},"end":{"line":170,"column":25}},"type":"default-arg","locations":[{"start":{"line":170,"column":16},"end":{"line":170,"column":25}}]},"11":{"loc":{"start":{"line":171,"column":6},"end":{"line":171,"column":31}},"type":"default-arg","locations":[{"start":{"line":171,"column":20},"end":{"line":171,"column":31}}]},"12":{"loc":{"start":{"line":180,"column":4},"end":{"line":193,"column":null}},"type":"if","locations":[{"start":{"line":180,"column":4},"end":{"line":193,"column":null}},{"start":{},"end":{}}]},"13":{"loc":{"start":{"line":195,"column":4},"end":{"line":213,"column":null}},"type":"if","locations":[{"start":{"line":195,"column":4},"end":{"line":213,"column":null}},{"start":{},"end":{}}]},"14":{"loc":{"start":{"line":220,"column":26},"end":{"line":220,"column":null}},"type":"cond-expr","locations":[{"start":{"line":220,"column":50},"end":{"line":220,"column":64}},{"start":{"line":220,"column":64},"end":{"line":220,"column":null}}]},"15":{"loc":{"start":{"line":230,"column":12},"end":{"line":232,"column":null}},"type":"cond-expr","locations":[{"start":{"line":231,"column":16},"end":{"line":231,"column":null}},{"start":{"line":232,"column":16},"end":{"line":232,"column":null}}]},"16":{"loc":{"start":{"line":230,"column":12},"end":{"line":230,"column":null}},"type":"binary-expr","locations":[{"start":{"line":230,"column":12},"end":{"line":230,"column":38}},{"start":{"line":230,"column":38},"end":{"line":230,"column":null}}]},"17":{"loc":{"start":{"line":238,"column":12},"end":{"line":240,"column":null}},"type":"cond-expr","locations":[{"start":{"line":239,"column":16},"end":{"line":239,"column":null}},{"start":{"line":240,"column":16},"end":{"line":240,"column":null}}]},"18":{"loc":{"start":{"line":242,"column":12},"end":{"line":244,"column":null}},"type":"cond-expr","locations":[{"start":{"line":243,"column":16},"end":{"line":243,"column":null}},{"start":{"line":244,"column":16},"end":{"line":244,"column":null}}]},"19":{"loc":{"start":{"line":242,"column":12},"end":{"line":242,"column":null}},"type":"binary-expr","locations":[{"start":{"line":242,"column":12},"end":{"line":242,"column":38}},{"start":{"line":242,"column":38},"end":{"line":242,"column":null}}]},"20":{"loc":{"start":{"line":434,"column":16},"end":{"line":434,"column":31}},"type":"default-arg","locations":[{"start":{"line":434,"column":26},"end":{"line":434,"column":31}}]},"21":{"loc":{"start":{"line":435,"column":15},"end":{"line":435,"column":null}},"type":"cond-expr","locations":[{"start":{"line":435,"column":25},"end":{"line":435,"column":29}},{"start":{"line":435,"column":32},"end":{"line":435,"column":null}}]},"22":{"loc":{"start":{"line":455,"column":16},"end":{"line":455,"column":31}},"type":"default-arg","locations":[{"start":{"line":455,"column":26},"end":{"line":455,"column":31}}]},"23":{"loc":{"start":{"line":456,"column":15},"end":{"line":456,"column":null}},"type":"cond-expr","locations":[{"start":{"line":456,"column":25},"end":{"line":456,"column":29}},{"start":{"line":456,"column":32},"end":{"line":456,"column":null}}]},"24":{"loc":{"start":{"line":546,"column":6},"end":{"line":546,"column":21}},"type":"default-arg","locations":[{"start":{"line":546,"column":16},"end":{"line":546,"column":21}}]},"25":{"loc":{"start":{"line":547,"column":6},"end":{"line":547,"column":22}},"type":"default-arg","locations":[{"start":{"line":547,"column":17},"end":{"line":547,"column":22}}]},"26":{"loc":{"start":{"line":548,"column":6},"end":{"line":548,"column":25}},"type":"default-arg","locations":[{"start":{"line":548,"column":16},"end":{"line":548,"column":25}}]},"27":{"loc":{"start":{"line":549,"column":6},"end":{"line":549,"column":22}},"type":"default-arg","locations":[{"start":{"line":549,"column":13},"end":{"line":549,"column":22}}]},"28":{"loc":{"start":{"line":556,"column":17},"end":{"line":556,"column":null}},"type":"cond-expr","locations":[{"start":{"line":556,"column":27},"end":{"line":556,"column":31}},{"start":{"line":556,"column":34},"end":{"line":556,"column":null}}]},"29":{"loc":{"start":{"line":570,"column":4},"end":{"line":572,"column":null}},"type":"if","locations":[{"start":{"line":570,"column":4},"end":{"line":572,"column":null}},{"start":{},"end":{}}]},"30":{"loc":{"start":{"line":574,"column":4},"end":{"line":578,"column":null}},"type":"if","locations":[{"start":{"line":574,"column":4},"end":{"line":578,"column":null}},{"start":{},"end":{}}]},"31":{"loc":{"start":{"line":586,"column":18},"end":{"line":586,"column":null}},"type":"binary-expr","locations":[{"start":{"line":586,"column":18},"end":{"line":586,"column":43}},{"start":{"line":586,"column":43},"end":{"line":586,"column":null}}]},"32":{"loc":{"start":{"line":601,"column":16},"end":{"line":601,"column":31}},"type":"default-arg","locations":[{"start":{"line":601,"column":26},"end":{"line":601,"column":31}}]},"33":{"loc":{"start":{"line":601,"column":33},"end":{"line":601,"column":52}},"type":"default-arg","locations":[{"start":{"line":601,"column":47},"end":{"line":601,"column":52}}]},"34":{"loc":{"start":{"line":602,"column":15},"end":{"line":602,"column":null}},"type":"cond-expr","locations":[{"start":{"line":602,"column":25},"end":{"line":602,"column":29}},{"start":{"line":602,"column":32},"end":{"line":602,"column":null}}]},"35":{"loc":{"start":{"line":616,"column":8},"end":{"line":617,"column":null}},"type":"binary-expr","locations":[{"start":{"line":616,"column":8},"end":{"line":616,"column":null}},{"start":{"line":617,"column":10},"end":{"line":617,"column":null}}]},"36":{"loc":{"start":{"line":652,"column":16},"end":{"line":652,"column":32}},"type":"default-arg","locations":[{"start":{"line":652,"column":27},"end":{"line":652,"column":32}}]},"37":{"loc":{"start":{"line":665,"column":7},"end":{"line":665,"column":null}},"type":"binary-expr","locations":[{"start":{"line":665,"column":7},"end":{"line":665,"column":null}}]},"38":{"loc":{"start":{"line":715,"column":5},"end":{"line":715,"column":20}},"type":"default-arg","locations":[{"start":{"line":715,"column":15},"end":{"line":715,"column":20}}]},"39":{"loc":{"start":{"line":715,"column":22},"end":{"line":715,"column":33}},"type":"default-arg","locations":[{"start":{"line":715,"column":29},"end":{"line":715,"column":33}}]},"40":{"loc":{"start":{"line":716,"column":15},"end":{"line":716,"column":null}},"type":"cond-expr","locations":[{"start":{"line":716,"column":25},"end":{"line":716,"column":29}},{"start":{"line":716,"column":32},"end":{"line":716,"column":null}}]},"41":{"loc":{"start":{"line":727,"column":8},"end":{"line":727,"column":null}},"type":"binary-expr","locations":[{"start":{"line":727,"column":8},"end":{"line":727,"column":25}},{"start":{"line":727,"column":25},"end":{"line":727,"column":null}}]},"42":{"loc":{"start":{"line":728,"column":8},"end":{"line":728,"column":null}},"type":"binary-expr","locations":[{"start":{"line":728,"column":8},"end":{"line":728,"column":25}},{"start":{"line":728,"column":25},"end":{"line":728,"column":null}}]}},"s":{"0":0,"1":0,"2":0,"3":0,"4":0,"5":0,"6":0,"7":0,"8":0,"9":0,"10":0,"11":0,"12":0,"13":0,"14":0,"15":0,"16":0,"17":0,"18":0,"19":0,"20":0,"21":0,"22":0,"23":0,"24":0,"25":0,"26":0,"27":0,"28":0,"29":0,"30":0,"31":0,"32":0,"33":0,"34":0,"35":0,"36":0,"37":0,"38":0,"39":0,"40":0,"41":0,"42":0,"43":0,"44":0,"45":0,"46":0,"47":0,"48":0,"49":0,"50":0,"51":0,"52":0,"53":0,"54":0,"55":0,"56":0,"57":0,"58":0,"59":0,"60":0,"61":0,"62":0,"63":0,"64":0,"65":0,"66":0,"67":0,"68":0,"69":0,"70":0,"71":0,"72":0,"73":0,"74":0,"75":0,"76":0,"77":0,"78":0,"79":0,"80":0,"81":0,"82":0,"83":0,"84":0,"85":0,"86":0,"87":0,"88":0,"89":0,"90":0,"91":0,"92":0,"93":0,"94":0,"95":0,"96":0,"97":0,"98":0,"99":0,"100":0,"101":0,"102":0,"103":0,"104":0,"105":0,"106":0,"107":0,"108":0,"109":0,"110":0,"111":0,"112":0,"113":0,"114":0,"115":0,"116":0,"117":0,"118":0,"119":0,"120":0,"121":0,"122":0,"123":0,"124":0,"125":0,"126":0,"127":0,"128":0,"129":0,"130":0,"131":0},"f":{"0":0,"1":0,"2":0,"3":0,"4":0,"5":0,"6":0,"7":0,"8":0,"9":0,"10":0,"11":0,"12":0,"13":0,"14":0,"15":0,"16":0,"17":0,"18":0,"19":0,"20":0,"21":0,"22":0,"23":0,"24":0,"25":0,"26":0,"27":0},"b":{"0":[0,0],"1":[0],"2":[0,0],"3":[0,0],"4":[0,0],"5":[0,0],"6":[0,0],"7":[0,0,0],"8":[0,0],"9":[0],"10":[0],"11":[0],"12":[0,0],"13":[0,0],"14":[0,0],"15":[0,0],"16":[0,0],"17":[0,0],"18":[0,0],"19":[0,0],"20":[0],"21":[0,0],"22":[0],"23":[0,0],"24":[0],"25":[0],"26":[0],"27":[0],"28":[0,0],"29":[0,0],"30":[0,0],"31":[0,0],"32":[0],"33":[0],"34":[0,0],"35":[0,0],"36":[0],"37":[0],"38":[0],"39":[0],"40":[0,0],"41":[0,0],"42":[0,0]}}
,"/Users/jlmx/projects/apptrack/components/ui/skeleton.tsx": {"path":"/Users/jlmx/projects/apptrack/components/ui/skeleton.tsx","statementMap":{"0":{"start":{"line":15,"column":9},"end":{"line":15,"column":null}},"1":{"start":{"line":1,"column":19},"end":{"line":1,"column":null}}},"fnMap":{"0":{"name":"Skeleton","decl":{"start":{"line":3,"column":9},"end":{"line":3,"column":18}},"loc":{"start":{"line":6,"column":39},"end":{"line":13,"column":null}}}},"branchMap":{},"s":{"0":0,"1":0},"f":{"0":0},"b":{}}
,"/Users/jlmx/projects/apptrack/components/ui/switch.tsx": {"path":"/Users/jlmx/projects/apptrack/components/ui/switch.tsx","statementMap":{"0":{"start":{"line":29,"column":9},"end":{"line":29,"column":null}},"1":{"start":{"line":3,"column":23},"end":{"line":3,"column":null}},"2":{"start":{"line":4,"column":34},"end":{"line":4,"column":null}},"3":{"start":{"line":6,"column":19},"end":{"line":6,"column":null}},"4":{"start":{"line":27,"column":0},"end":{"line":27,"column":null}}},"fnMap":{},"branchMap":{},"s":{"0":0,"1":0,"2":0,"3":0,"4":0},"f":{},"b":{}}
,"/Users/jlmx/projects/apptrack/components/ui/tabs.tsx": {"path":"/Users/jlmx/projects/apptrack/components/ui/tabs.tsx","statementMap":{"0":{"start":{"line":55,"column":9},"end":{"line":55,"column":13}},"1":{"start":{"line":55,"column":38},"end":{"line":55,"column":49}},"2":{"start":{"line":55,"column":15},"end":{"line":55,"column":23}},"3":{"start":{"line":55,"column":25},"end":{"line":55,"column":36}},"4":{"start":{"line":3,"column":23},"end":{"line":3,"column":null}},"5":{"start":{"line":4,"column":31},"end":{"line":4,"column":null}},"6":{"start":{"line":6,"column":19},"end":{"line":6,"column":null}},"7":{"start":{"line":8,"column":13},"end":{"line":8,"column":31}},"8":{"start":{"line":23,"column":0},"end":{"line":23,"column":null}},"9":{"start":{"line":38,"column":0},"end":{"line":38,"column":null}},"10":{"start":{"line":53,"column":0},"end":{"line":53,"column":null}}},"fnMap":{},"branchMap":{},"s":{"0":0,"1":0,"2":0,"3":0,"4":0,"5":0,"6":0,"7":0,"8":0,"9":0,"10":0},"f":{},"b":{}}
,"/Users/jlmx/projects/apptrack/components/ui/textarea.tsx": {"path":"/Users/jlmx/projects/apptrack/components/ui/textarea.tsx","statementMap":{"0":{"start":{"line":22,"column":9},"end":{"line":22,"column":null}},"1":{"start":{"line":1,"column":23},"end":{"line":1,"column":null}},"2":{"start":{"line":3,"column":19},"end":{"line":3,"column":null}},"3":{"start":{"line":5,"column":17},"end":{"line":19,"column":null}},"4":{"start":{"line":20,"column":0},"end":{"line":20,"column":null}}},"fnMap":{"0":{"name":"(anonymous_4)","decl":{"start":{"line":8,"column":2},"end":{"line":8,"column":3}},"loc":{"start":{"line":8,"column":28},"end":{"line":19,"column":null}}}},"branchMap":{},"s":{"0":0,"1":0,"2":0,"3":0,"4":0},"f":{"0":0},"b":{}}
,"/Users/jlmx/projects/apptrack/components/ui/toast.tsx": {"path":"/Users/jlmx/projects/apptrack/components/ui/toast.tsx","statementMap":{"0":{"start":{"line":124,"column":2},"end":{"line":124,"column":7}},"1":{"start":{"line":128,"column":2},"end":{"line":128,"column":13}},"2":{"start":{"line":127,"column":2},"end":{"line":127,"column":12}},"3":{"start":{"line":126,"column":2},"end":{"line":126,"column":18}},"4":{"start":{"line":122,"column":2},"end":{"line":122,"column":15}},"5":{"start":{"line":125,"column":2},"end":{"line":125,"column":12}},"6":{"start":{"line":123,"column":2},"end":{"line":123,"column":15}},"7":{"start":{"line":3,"column":23},"end":{"line":3,"column":null}},"8":{"start":{"line":4,"column":33},"end":{"line":4,"column":null}},"9":{"start":{"line":5,"column":39},"end":{"line":5,"column":null}},"10":{"start":{"line":6,"column":18},"end":{"line":6,"column":null}},"11":{"start":{"line":8,"column":19},"end":{"line":8,"column":null}},"12":{"start":{"line":10,"column":22},"end":{"line":10,"column":46}},"13":{"start":{"line":25,"column":0},"end":{"line":25,"column":null}},"14":{"start":{"line":27,"column":22},"end":{"line":40,"column":null}},"15":{"start":{"line":43,"column":14},"end":{"line":55,"column":null}},"16":{"start":{"line":56,"column":0},"end":{"line":56,"column":null}},"17":{"start":{"line":71,"column":0},"end":{"line":71,"column":null}},"18":{"start":{"line":89,"column":0},"end":{"line":89,"column":null}},"19":{"start":{"line":101,"column":0},"end":{"line":101,"column":null}},"20":{"start":{"line":113,"column":0},"end":{"line":113,"column":null}}},"fnMap":{"0":{"name":"(anonymous_12)","decl":{"start":{"line":47,"column":2},"end":{"line":47,"column":3}},"loc":{"start":{"line":47,"column":37},"end":{"line":55,"column":null}}}},"branchMap":{},"s":{"0":0,"1":0,"2":0,"3":0,"4":0,"5":0,"6":0,"7":0,"8":0,"9":0,"10":0,"11":0,"12":0,"13":0,"14":0,"15":0,"16":0,"17":0,"18":0,"19":0,"20":0},"f":{"0":0},"b":{}}
,"/Users/jlmx/projects/apptrack/components/ui/toaster.tsx": {"path":"/Users/jlmx/projects/apptrack/components/ui/toaster.tsx","statementMap":{"0":{"start":{"line":13,"column":16},"end":{"line":13,"column":null}},"1":{"start":{"line":3,"column":25},"end":{"line":3,"column":null}},"2":{"start":{"line":11,"column":7},"end":{"line":11,"column":null}},"3":{"start":{"line":14,"column":21},"end":{"line":14,"column":null}},"4":{"start":{"line":19,"column":8},"end":{"line":20,"column":27}}},"fnMap":{"0":{"name":"Toaster","decl":{"start":{"line":13,"column":16},"end":{"line":13,"column":null}},"loc":{"start":{"line":13,"column":16},"end":{"line":35,"column":null}}},"1":{"name":"(anonymous_2)","decl":{"start":{"line":18,"column":18},"end":{"line":18,"column":28}},"loc":{"start":{"line":18,"column":72},"end":{"line":31,"column":null}}}},"branchMap":{"0":{"loc":{"start":{"line":22,"column":15},"end":{"line":22,"column":24}},"type":"binary-expr","locations":[{"start":{"line":22,"column":15},"end":{"line":22,"column":24}}]},"1":{"loc":{"start":{"line":23,"column":15},"end":{"line":23,"column":null}},"type":"binary-expr","locations":[{"start":{"line":23,"column":15},"end":{"line":23,"column":null}}]}},"s":{"0":0,"1":0,"2":0,"3":0,"4":0},"f":{"0":0,"1":0},"b":{"0":[0],"1":[0]}}
,"/Users/jlmx/projects/apptrack/components/ui/toggle-group.tsx": {"path":"/Users/jlmx/projects/apptrack/components/ui/toggle-group.tsx","statementMap":{"0":{"start":{"line":61,"column":9},"end":{"line":61,"column":20}},"1":{"start":{"line":61,"column":22},"end":{"line":61,"column":37}},"2":{"start":{"line":3,"column":23},"end":{"line":3,"column":null}},"3":{"start":{"line":4,"column":38},"end":{"line":4,"column":null}},"4":{"start":{"line":7,"column":19},"end":{"line":7,"column":null}},"5":{"start":{"line":8,"column":31},"end":{"line":8,"column":null}},"6":{"start":{"line":10,"column":27},"end":{"line":15,"column":null}},"7":{"start":{"line":33,"column":0},"end":{"line":33,"column":null}},"8":{"start":{"line":35,"column":24},"end":{"line":57,"column":null}},"9":{"start":{"line":40,"column":18},"end":{"line":40,"column":null}},"10":{"start":{"line":59,"column":0},"end":{"line":59,"column":null}}},"fnMap":{"0":{"name":"(anonymous_7)","decl":{"start":{"line":39,"column":2},"end":{"line":39,"column":3}},"loc":{"start":{"line":39,"column":53},"end":{"line":57,"column":null}}}},"branchMap":{"0":{"loc":{"start":{"line":47,"column":19},"end":{"line":47,"column":null}},"type":"binary-expr","locations":[{"start":{"line":47,"column":19},"end":{"line":47,"column":34}},{"start":{"line":47,"column":38},"end":{"line":47,"column":null}}]},"1":{"loc":{"start":{"line":48,"column":16},"end":{"line":48,"column":null}},"type":"binary-expr","locations":[{"start":{"line":48,"column":16},"end":{"line":48,"column":28}},{"start":{"line":48,"column":32},"end":{"line":48,"column":null}}]}},"s":{"0":0,"1":0,"2":0,"3":0,"4":0,"5":0,"6":0,"7":0,"8":0,"9":0,"10":0},"f":{"0":0},"b":{"0":[0,0],"1":[0,0]}}
,"/Users/jlmx/projects/apptrack/components/ui/toggle.tsx": {"path":"/Users/jlmx/projects/apptrack/components/ui/toggle.tsx","statementMap":{"0":{"start":{"line":45,"column":9},"end":{"line":45,"column":15}},"1":{"start":{"line":45,"column":17},"end":{"line":45,"column":31}},"2":{"start":{"line":3,"column":23},"end":{"line":3,"column":null}},"3":{"start":{"line":4,"column":33},"end":{"line":4,"column":null}},"4":{"start":{"line":5,"column":39},"end":{"line":5,"column":null}},"5":{"start":{"line":7,"column":19},"end":{"line":7,"column":null}},"6":{"start":{"line":9,"column":23},"end":{"line":28,"column":null}},"7":{"start":{"line":43,"column":0},"end":{"line":43,"column":null}}},"fnMap":{},"branchMap":{},"s":{"0":0,"1":0,"2":0,"3":0,"4":0,"5":0,"6":0,"7":0},"f":{},"b":{}}
,"/Users/jlmx/projects/apptrack/components/ui/tooltip.tsx": {"path":"/Users/jlmx/projects/apptrack/components/ui/tooltip.tsx","statementMap":{"0":{"start":{"line":30,"column":9},"end":{"line":30,"column":16}},"1":{"start":{"line":30,"column":34},"end":{"line":30,"column":48}},"2":{"start":{"line":30,"column":50},"end":{"line":30,"column":65}},"3":{"start":{"line":30,"column":18},"end":{"line":30,"column":32}},"4":{"start":{"line":3,"column":23},"end":{"line":3,"column":null}},"5":{"start":{"line":4,"column":34},"end":{"line":4,"column":null}},"6":{"start":{"line":6,"column":19},"end":{"line":6,"column":null}},"7":{"start":{"line":8,"column":24},"end":{"line":8,"column":49}},"8":{"start":{"line":10,"column":16},"end":{"line":10,"column":37}},"9":{"start":{"line":12,"column":23},"end":{"line":12,"column":47}},"10":{"start":{"line":28,"column":0},"end":{"line":28,"column":null}}},"fnMap":{},"branchMap":{"0":{"loc":{"start":{"line":17,"column":16},"end":{"line":17,"column":30}},"type":"default-arg","locations":[{"start":{"line":17,"column":29},"end":{"line":17,"column":30}}]}},"s":{"0":0,"1":0,"2":0,"3":0,"4":0,"5":0,"6":0,"7":0,"8":0,"9":0,"10":0},"f":{},"b":{"0":[0]}}
}
